#
# A fatal error has been detected by the Java Runtime Environment:
#
#  SIGSEGV (0xb) at pc=0x0000000107382f30, pid=83806, tid=30471
#
# JRE version: OpenJDK Runtime Environment Temurin-17.0.1+12 (17.0.1+12) (build 17.0.1+12)
# Java VM: OpenJDK 64-Bit Server VM Temurin-17.0.1+12 (17.0.1+12, mixed mode, sharing, tiered, compressed oops, compressed class ptrs, g1 gc, bsd-amd64)
# Problematic frame:
# V  [libjvm.dylib+0xa59f30]  _ZN16SystemDictionary30resolve_instance_class_or_nullEP6Symbol6HandleS2_P10JavaThread+0x170
#
# No core dump will be written. Core dumps have been disabled. To enable core dumping, try "ulimit -c unlimited" before starting Java again
#
# If you would like to submit a bug report, please visit:
#   https://github.com/adoptium/adoptium-support/issues
#

---------------  S U M M A R Y ------------

Command Line: --module-path=/Users/juliaevelinstensnes-martini/It-prosjekt/gr2213/notpaint/fxui/target/classes:/Users/juliaevelinstensnes-martini/.m2/repository/gr2213/notpaint/core/1.0-SNAPSHOT/core-1.0-SNAPSHOT.jar:/Users/juliaevelinstensnes-martini/.m2/repository/org/openjfx/javafx-base/16/javafx-base-16-mac.jar:/Users/juliaevelinstensnes-martini/.m2/repository/org/openjfx/javafx-controls/16/javafx-controls-16-mac.jar:/Users/juliaevelinstensnes-martini/.m2/repository/org/openjfx/javafx-fxml/16/javafx-fxml-16-mac.jar:/Users/juliaevelinstensnes-martini/.m2/repository/org/openjfx/javafx-graphics/16/javafx-graphics-16-mac.jar --add-modules=notpaint.ui -Djdk.module.main=notpaint.ui notpaint.ui/notpaint.ui.App

Host: "MacBookPro14,1" x86_64 2300 MHz, 4 cores, 8G, Darwin 21.6.0, macOS 10.16 (21G72)
Time: Tue Oct  4 11:25:03 2022 CEST elapsed time: 1016.219086 seconds (0d 0h 16m 56s)

---------------  T H R E A D  ---------------

Current thread (0x00007fa35e1f2000):  JavaThread "Glass/Prism Shutdown Hook" [_thread_in_vm, id=30471, stack(0x00007000061d2000,0x00007000062d2000)]

Stack: [0x00007000061d2000,0x00007000062d2000],  sp=0x00007000062d1710,  free space=1021k
Native frames: (J=compiled Java code, j=interpreted, Vv=VM code, C=native code)
V  [libjvm.dylib+0xa59f30]  _ZN16SystemDictionary30resolve_instance_class_or_nullEP6Symbol6HandleS2_P10JavaThread+0x170
V  [libjvm.dylib+0xa5989f]  _ZN16SystemDictionary15resolve_or_failEP6Symbol6HandleS2_bP10JavaThread+0x6f
V  [libjvm.dylib+0x351614]  _ZN12ConstantPool13klass_at_implERK18constantPoolHandleiP10JavaThread+0x1b4
V  [libjvm.dylib+0x3521f9]  _ZN12ConstantPool12klass_ref_atEiP10JavaThread+0xa9
V  [libjvm.dylib+0x72ddec]  _ZN8LinkInfoC2ERK18constantPoolHandleiP10JavaThread+0x3c
V  [libjvm.dylib+0x7331ab]  _ZN12LinkResolver21resolve_invokevirtualER8CallInfo6HandleRK18constantPoolHandleiP10JavaThread+0x2b
V  [libjvm.dylib+0x5127e6]  _ZN18InterpreterRuntime14resolve_invokeEP10JavaThreadN9Bytecodes4CodeE+0x356
V  [libjvm.dylib+0x512e76]  _ZN18InterpreterRuntime18resolve_from_cacheEP10JavaThreadN9Bytecodes4CodeE+0x56
j  com.sun.javafx.tk.quantum.QuantumToolkit$1.run()V+4 javafx.graphics
v  ~StubRoutines::call_stub
V  [libjvm.dylib+0x519896]  _ZN9JavaCalls11call_helperEP9JavaValueRK12methodHandleP17JavaCallArgumentsP10JavaThread+0x2b6
V  [libjvm.dylib+0x5188f7]  _ZN9JavaCalls12call_virtualEP9JavaValueP5KlassP6SymbolS5_P17JavaCallArgumentsP10JavaThread+0x147
V  [libjvm.dylib+0x5189c3]  _ZN9JavaCalls12call_virtualEP9JavaValue6HandleP5KlassP6SymbolS6_P10JavaThread+0x63
V  [libjvm.dylib+0x5c46a4]  _ZL12thread_entryP10JavaThreadS0_+0xb4
V  [libjvm.dylib+0xa9e415]  _ZN10JavaThread17thread_main_innerEv+0x145
V  [libjvm.dylib+0xa9c7ca]  _ZN6Thread8call_runEv+0x11a
V  [libjvm.dylib+0x8a9ffb]  _ZL19thread_native_entryP6Thread+0x14b
C  [libsystem_pthread.dylib+0x64e1]  _pthread_start+0x7d
C  [libsystem_pthread.dylib+0x1f6b]  thread_start+0xf

Java frames: (J=compiled Java code, j=interpreted, Vv=VM code)
j  com.sun.javafx.tk.quantum.QuantumToolkit$1.run()V+4 javafx.graphics
v  ~StubRoutines::call_stub

siginfo: si_signo: 11 (SIGSEGV), si_code: 1 (SEGV_MAPERR), si_addr: 0x0000000000000056

Register to memory mapping:

RAX=0xfffffffffffffffe is an unknown value
RBX=0x00007fa35d8fcf40 points into unknown readable memory: 0xb000000000000002 | 02 00 00 00 00 00 00 b0
RCX=0x0000000000000006 is an unknown value
RDX=0x0000000800000000 is pointing into metadata
RSP=0x00007000062d1710 is pointing into the stack for thread: 0x00007fa35e1f2000
RBP=0x00007000062d1810 is pointing into the stack for thread: 0x00007fa35e1f2000
RSI=0x0000000800080940 is a pointer to class: 
jdk.internal.loader.ClassLoaders$AppClassLoader {0x0000000800080940}
 - instance size:     13
 - klass size:        104
 - access:            synchronized 
 - state:             fully_initialized
 - name:              'jdk/internal/loader/ClassLoaders$AppClassLoader'
 - super:             'jdk/internal/loader/BuiltinClassLoader'
 - sub:               
 - arrays:            NULL
 - methods:           Array<T>(0x00000008006568b8)
 - method ordering:   Array<T>(0x0000000800656a08)
 - default_methods:   Array<T>(0x0000000000000000)
 - local interfaces:  Array<T>(0x00000008005c0440)
 - trans. interfaces: Array<T>(0x00000008005c0440)
 - constants:         constant pool [119] {0x00000008006540b8} for 'jdk/internal/loader/ClassLoaders$AppClassLoader' cache=0x0000000800080d58
 - class loader data:  loader data: 0x00007fa35d816b90 of 'bootstrap'
 - source file:       'ClassLoaders.java'
 - class annotations:       Array<T>(0x0000000000000000)
 - class type annotations:  Array<T>(0x0000000000000000)
 - field annotations:       Array<T>(0x0000000000000000)
 - field type annotations:  Array<T>(0x0000000000000000)
 - inner classes:     Array<T>(0x00000008006568a0)
 - nest members:     Array<T>(0x00000008005c03d0)
 - permitted subclasses:     Array<T>(0x00000008005c03d0)
 - java mirror:       a 'java/lang/Class'{0x00000007ffe03d70} = 'jdk/internal/loader/ClassLoaders$AppClassLoader'
 - vtable length      43  (start addr: 0x0000000800080b10)
 - itable length      2 (start addr: 0x0000000800080c68)
 - ---- static fields (0 words):
 - ---- non-static fields (23 words):
 - private 'defaultAssertionStatus' 'Z' @12 
 - private final 'parent' 'Ljava/lang/ClassLoader;' @24 
 - private final 'name' 'Ljava/lang/String;' @28 
 - private final 'unnamedModule' 'Ljava/lang/Module;' @32 
 - private final 'nameAndId' 'Ljava/lang/String;' @36 
 - private final 'parallelLockMap' 'Ljava/util/concurrent/ConcurrentHashMap;' @40 
 - private final 'package2certs' 'Ljava/util/concurrent/ConcurrentHashMap;' @44 
 - private final 'classes' 'Ljava/util/ArrayList;' @48 
 - private final 'defaultDomain' 'Ljava/security/ProtectionDomain;' @52 
 - private final 'packages' 'Ljava/util/concurrent/ConcurrentHashMap;' @56 
 - private final 'libraries' 'Ljdk/internal/loader/NativeLibraries;' @60 
 - final 'assertionLock' 'Ljava/lang/Object;' @64 
 - private 'packageAssertionStatus' 'Ljava/util/Map;' @68 
 - 'classAssertionStatus' 'Ljava/util/Map;' @72 
 - private volatile 'classLoaderValueMap' 'Ljava/util/concurrent/ConcurrentHashMap;' @76 
 - private final 'pdcache' 'Ljava/util/Map;' @80 
 - private final 'parent' 'Ljdk/internal/loader/BuiltinClassLoader;' @84 
 - private synchronized 'ucp' 'Ljdk/internal/loader/URLClassPath;' @88 
 - private final 'nameToModule' 'Ljava/util/Map;' @92 
 - private final 'moduleToReader' 'Ljava/util/Map;' @96 
 - private volatile 'resourceCache' 'Ljava/lang/ref/SoftReference;' @100 
 - non-static oop maps: 24-100 
RDI=0x000001fe8d761f4e is an unknown value
R8 =0x0000000780000000 points into unknown readable memory: 0x0000000000000000 | 00 00 00 00 00 00 00 00
R9 =0x00007fa35e1f2000 is a thread
R10=0x00000001076a9940: _ZN19TemplateInterpreter13_active_tableE+0x4800 in /Users/juliaevelinstensnes-martini/.sdkman/candidates/java/17.0.1-tem/lib/server/libjvm.dylib at 0x0000000106929000
R11=0x00007fa35cf09240 points into unknown readable memory: 0xd00007fa35cfcc26 | 26 cc cf 35 fa 07 00 d0
R12=0x00007fa35d8b3a60 points into unknown readable memory: 0x0000000787f19918 | 18 99 f1 87 07 00 00 00
R13=0x00007fa35d87d390 points into unknown readable memory: 0x6f6300285c210016 | 16 00 21 5c 28 00 63 6f
R14=0x0000000787f19918 is an oop: jdk.internal.loader.ClassLoaders$AppClassLoader 
{0x0000000787f19918} - klass: 'jdk/internal/loader/ClassLoaders$AppClassLoader'
 - ---- fields (total size 13 words):
 - private 'defaultAssertionStatus' 'Z' @12  true (a)
 - private final 'parent' 'Ljava/lang/ClassLoader;' @24  a 'java/lang/Class'{0x00000007879dca20} = 'com/sun/javafx/tk/quantum/QuantumRenderer' (f0f3b944)
 - private final 'name' 'Ljava/lang/String;' @28  "app"{0x00000007fff0ba60} (fffe174c)
 - private final 'unnamedModule' 'Ljava/lang/Module;' @32  a 'java/lang/Module'{0x0000000787f19aa8} (f0fe3355)
 - private final 'nameAndId' 'Ljava/lang/String;' @36  a 'java/lang/invoke/ResolvedMethodName'{0x00000007876e7fd0} (f0edcffa)
 - private final 'parallelLockMap' 'Ljava/util/concurrent/ConcurrentHashMap;' @40  a 'java/util/concurrent/ConcurrentHashMap'{0x0000000787f19ae0} (f0fe335c)
 - private final 'package2certs' 'Ljava/util/concurrent/ConcurrentHashMap;' @44  a 'java/util/concurrent/ConcurrentHashMap'{0x0000000787f19b30} (f0fe3366)
 - private final 'classes' 'Ljava/util/ArrayList;' @48  a 'java/util/ArrayList'{0x0000000787f19980} (f0fe3330)
 - private final 'defaultDomain' 'Ljava/security/ProtectionDomain;' @52  a 'java/security/ProtectionDomain'{0x0000000787f19998} (f0fe3333)
 - private final 'packages' 'Ljava/util/concurrent/ConcurrentHashMap;' @56  a 'java/util/concurrent/ConcurrentHashMap'{0x0000000787f19a08} (f0fe3341)
 - private final 'libraries' 'Ljdk/internal/loader/NativeLibraries;' @60  a 'jdk/internal/loader/NativeLibraries'{0x0000000787f19a48} (f0fe3349)
 - final 'assertionLock' 'Ljava/lang/Object;' @64  a 'java/lang/Object'{0x0000000787f19b20} (f0fe3364)
 - private 'packageAssertionStatus' 'Ljava/util/Map;' @68  NULL (0)
 - 'classAssertionStatus' 'Ljava/util/Map;' @72  NULL (0)
 - private volatile 'classLoaderValueMap' 'Ljava/util/concurrent/ConcurrentHashMap;' @76  a 'java/util/concurrent/ConcurrentHashMap'{0x0000000787f19f18} (f0fe33e3)
 - private final 'pdcache' 'Ljava/util/Map;' @80  a 'java/util/concurrent/ConcurrentHashMap'{0x0000000787f19bd8} (f0fe337b)
 - private final 'parent' 'Ljdk/internal/loader/BuiltinClassLoader;' @84  a 'jdk/internal/loader/ClassLoaders$PlatformClassLoader'{0x0000000787f18850} (f0fe310a)
 - private synchronized 'ucp' 'Ljdk/internal/loader/URLClassPath;' @88  a 'jdk/internal/loader/URLClassPath'{0x0000000787f18ea8} (f0fe31d5)
 - private final 'nameToModule' 'Ljava/util/Map;' @92  a 'java/util/concurrent/ConcurrentHashMap'{0x0000000787f19c18} (f0fe3383)
 - private final 'moduleToReader' 'Ljava/util/Map;' @96  a 'java/util/concurrent/ConcurrentHashMap'{0x0000000787f19c58} (f0fe338b)
 - private volatile 'resourceCache' 'Ljava/lang/ref/SoftReference;' @100  NULL (0)
R15=0x00007fa35e1f2000 is a thread


Registers:
RAX=0xfffffffffffffffe, RBX=0x00007fa35d8fcf40, RCX=0x0000000000000006, RDX=0x0000000800000000
RSP=0x00007000062d1710, RBP=0x00007000062d1810, RSI=0x0000000800080940, RDI=0x000001fe8d761f4e
R8 =0x0000000780000000, R9 =0x00007fa35e1f2000, R10=0x00000001076a9940, R11=0x00007fa35cf09240
R12=0x00007fa35d8b3a60, R13=0x00007fa35d87d390, R14=0x0000000787f19918, R15=0x00007fa35e1f2000
RIP=0x0000000107382f30, EFLAGS=0x0000000000010206, ERR=0x0000000000000004
  TRAPNO=0x000000000000000e

Top of Stack: (sp=0x00007000062d1710)
0x00007000062d1710:   0000000000000000 00007fa35e1f2000
0x00007000062d1720:   00007fa35d8fcf40 00007fa35d8b3a30
0x00007000062d1730:   00007fa35d8b3a60 00007fa35d8b3b18
0x00007000062d1740:   00000000000000d8 00007000062d1bf0
0x00007000062d1750:   0000000000000000 0000000000000000
0x00007000062d1760:   0000000000000000 0000000000000000
0x00007000062d1770:   0000000000000000 0000000000000000
0x00007000062d1780:   0000700000000000 00007ff81c91f31b
0x00007000062d1790:   00007000062d18d0 0000000000000000
0x00007000062d17a0:   00007fa35d8b3a58 0000000000000000
0x00007000062d17b0:   000000010750eb77 000000000000001f
0x00007000062d17c0:   00007fa35d8b3a60 000000010750eb77
0x00007000062d17d0:   00007fa35e1f2000 00007ff800000000
0x00007000062d17e0:   0000000000000000 00007fa35d8b3a50
0x00007000062d17f0:   00007fa35d87d390 00007fa35d8b3a58
0x00007000062d1800:   0000000000000001 00007fa35e1f2000
0x00007000062d1810:   00007000062d1850 000000010738289f
0x00007000062d1820:   000000010768b91f 00007fa35d8fcf40
0x00007000062d1830:   00007000062d18c0 00007fa35d8b3a58
0x00007000062d1840:   00007fa35e1f2000 0000000787cbbf00
0x00007000062d1850:   00007000062d18b0 0000000106c7a614
0x00007000062d1860:   00007fa35d87d390 0000000000000002
0x00007000062d1870:   000000000000000e 00007fa35d8b3a50
0x00007000062d1880:   0000000e00000051 00007fa35d8d2150
0x00007000062d1890:   000000000000000e 0000000000000000
0x00007000062d18a0:   00007fa35e1f2000 00007000062d18c0
0x00007000062d18b0:   00007000062d18f0 0000000106c7b1f9
0x00007000062d18c0:   000000010e0627e8 00007fa35e1f2000
0x00007000062d18d0:   00007000062d1948 00007fa35e1f2000
0x00007000062d18e0:   00007000062d1a90 0000000000000002
0x00007000062d18f0:   00007000062d1930 0000000107056dec
0x00007000062d1900:   00007000062d1998 00007fa35e1f2000 

Instructions: (pc=0x0000000107382f30)
0x0000000107382e30:   8c be ac ff 48 85 c0 4c 89 65 c0 75 19 e9 c7 00
0x0000000107382e40:   00 00 31 ff e8 77 be ac ff 48 85 c0 4c 89 65 c0
0x0000000107382e50:   0f 84 b3 00 00 00 49 89 c6 49 8b 9c 24 38 02 00
0x0000000107382e60:   00 4c 8b 63 18 49 83 fc f8 72 18 48 8d 15 fd 72
0x0000000107382e70:   13 00 be 08 00 00 00 48 89 df e8 81 44 70 ff 4c
0x0000000107382e80:   8b 63 18 49 8d 44 24 08 48 3b 43 20 76 6e be 08
0x0000000107382e90:   00 00 00 31 d2 48 89 df e8 93 44 70 ff 49 89 c4
0x0000000107382ea0:   4d 89 34 24 4d 85 e4 74 60 31 f6 4c 89 f7 e8 fd
0x0000000107382eb0:   f1 e3 ff 84 c0 75 26 48 8d 3d c7 e3 19 00 48 8d
0x0000000107382ec0:   15 fc e3 19 00 48 8d 0d 35 e4 19 00 be 23 00 00
0x0000000107382ed0:   00 31 c0 e8 88 6c 90 ff e8 43 fd e4 ff 49 8b 3c
0x0000000107382ee0:   24 e8 6a ba ac ff 48 85 c0 4c 89 65 b0 0f 84 f7
0x0000000107382ef0:   01 00 00 c7 45 c8 00 00 00 00 eb 22 48 89 43 18
0x0000000107382f00:   4d 89 34 24 4d 85 e4 75 a0 48 8d 05 d0 d2 2f 00
0x0000000107382f10:   48 8b 00 b1 01 89 4d c8 31 c9 48 89 4d b0 48 8d
0x0000000107382f20:   0d b7 4a 2c 00 8b 09 83 c1 03 4c 89 ef 48 d3 ef
0x0000000107382f30:   4c 8b 78 58 41 8b 4d 00 49 89 c4 41 8b 55 04 c1
0x0000000107382f40:   e2 08 41 0f b6 75 06 c1 e6 08 45 0f b6 75 07 41
0x0000000107382f50:   09 f6 41 31 d6 41 31 fe 41 0f a4 ce 10 4c 89 ff
0x0000000107382f60:   44 89 f6 4c 89 ea 48 8b 4d 90 e8 a1 86 97 ff 48
0x0000000107382f70:   89 c3 48 85 c0 0f 85 2d 03 00 00 4c 89 7d a0 4c
0x0000000107382f80:   89 65 a8 80 7d c8 00 74 04 31 c0 eb 20 48 8d 05
0x0000000107382f90:   b2 5b 30 00 80 38 00 4c 8b 65 b0 75 0d 49 8b 3c
0x0000000107382fa0:   24 e8 2a bc ac ff 84 c0 75 df 4c 89 e0 48 8b 5d
0x0000000107382fb0:   c0 4d 89 ef 48 8d bd 40 ff ff ff 48 89 85 58 ff
0x0000000107382fc0:   ff ff 48 89 c6 48 89 da e8 83 c9 ff ff 48 8d 05
0x0000000107382fd0:   fc 7c 31 00 4c 8b 28 4d 85 ed 74 0b 4c 89 ef 48
0x0000000107382fe0:   89 de e8 89 b3 e1 ff 48 8b 7d a0 44 89 f6 4c 89
0x0000000107382ff0:   fa e8 da 86 97 ff 48 85 c0 48 89 45 c8 0f 84 fd
0x0000000107383000:   00 00 00 48 89 c2 31 f6 45 31 e4 4c 89 7d b8 4d
0x0000000107383010:   85 ed 74 12 4c 89 ef 48 89 f3 e8 11 b5 e1 ff 48
0x0000000107383020:   89 de 48 8b 55 c8 45 84 e4 4c 8b 6d c0 4c 8b 7d 


Stack slot to memory mapping:
stack at sp + 0 slots: 0x0 is NULL
stack at sp + 1 slots: 0x00007fa35e1f2000 is a thread
stack at sp + 2 slots: 0x00007fa35d8fcf40 points into unknown readable memory: 0xb000000000000002 | 02 00 00 00 00 00 00 b0
stack at sp + 3 slots: 0x00007fa35d8b3a30 points into unknown readable memory: 0x0000000000000000 | 00 00 00 00 00 00 00 00
stack at sp + 4 slots: 0x00007fa35d8b3a60 points into unknown readable memory: 0x0000000787f19918 | 18 99 f1 87 07 00 00 00
stack at sp + 5 slots: 0x00007fa35d8b3b18 points into unknown readable memory: 0x5ed35b900000055e | 5e 05 00 00 90 5b d3 5e
stack at sp + 6 slots: 0x00000000000000d8 is an unknown value
stack at sp + 7 slots: 0x00007000062d1bf0 is pointing into the stack for thread: 0x00007fa35e1f2000


---------------  P R O C E S S  ---------------

Threads class SMR info:
_java_thread_list=0x00007fa35ed2a010, length=17, elements={
0x00007fa35d008c00, 0x00007fa35d07da00, 0x00007fa35e049400, 0x00007fa35d086000,
0x00007fa35d080600, 0x00007fa35d087000, 0x00007fa35d087600, 0x00007fa35e04da00,
0x00007fa35e04c000, 0x00007fa35e040600, 0x00007fa35d08b200, 0x00007fa35e04fc00,
0x00007fa35d3a4200, 0x00007fa35e1dca00, 0x00007fa35d3f0600, 0x00007fa35e1f2000,
0x00007fa35e21e400
}

Java Threads: ( => current thread )
  0x00007fa35d008c00 JavaThread "main" [_thread_blocked, id=9731, stack(0x0000700004b0a000,0x0000700004c0a000)]
  0x00007fa35d07da00 JavaThread "Reference Handler" daemon [_thread_blocked, id=15363, stack(0x000070000521f000,0x000070000531f000)]
  0x00007fa35e049400 JavaThread "Finalizer" daemon [_thread_blocked, id=15619, stack(0x0000700005322000,0x0000700005422000)]
  0x00007fa35d086000 JavaThread "Signal Dispatcher" daemon [_thread_blocked, id=42243, stack(0x000070000552b000,0x000070000562b000)]
  0x00007fa35d080600 JavaThread "Service Thread" daemon [_thread_blocked, id=22787, stack(0x000070000562e000,0x000070000572e000)]
  0x00007fa35d087000 JavaThread "Monitor Deflation Thread" daemon [_thread_blocked, id=41475, stack(0x0000700005731000,0x0000700005831000)]
  0x00007fa35d087600 JavaThread "C2 CompilerThread0" daemon [_thread_blocked, id=40963, stack(0x0000700005834000,0x0000700005934000)]
  0x00007fa35e04da00 JavaThread "C1 CompilerThread0" daemon [_thread_blocked, id=40451, stack(0x0000700005937000,0x0000700005a37000)]
  0x00007fa35e04c000 JavaThread "Sweeper thread" daemon [_thread_blocked, id=39939, stack(0x0000700005a3a000,0x0000700005b3a000)]
  0x00007fa35e040600 JavaThread "Common-Cleaner" daemon [_thread_blocked, id=39683, stack(0x0000700005b3d000,0x0000700005c3d000)]
  0x00007fa35d08b200 JavaThread "Notification Thread" daemon [_thread_blocked, id=23555, stack(0x0000700005c40000,0x0000700005d40000)]
  0x00007fa35e04fc00 JavaThread "QuantumRenderer-0" daemon [_thread_blocked, id=39171, stack(0x0000700005e46000,0x0000700005f46000)]
  0x00007fa35d3a4200 JavaThread "InvokeLaterDispatcher" daemon [_thread_blocked, id=34315, stack(0x0000700005f49000,0x0000700006049000)]
  0x00007fa35e1dca00 JavaThread "JavaFX Application Thread" [_thread_in_native, id=259, stack(0x00007ff7bc3e6000,0x00007ff7bcbe6000)]
  0x00007fa35d3f0600 JavaThread "SIGHUP handler" daemon [_thread_blocked, id=42759, stack(0x00007000060cf000,0x00007000061cf000)]
=>0x00007fa35e1f2000 JavaThread "Glass/Prism Shutdown Hook" [_thread_in_vm, id=30471, stack(0x00007000061d2000,0x00007000062d2000)]
  0x00007fa35e21e400 JavaThread "SIGHUP handler" daemon [_thread_blocked, id=81927, stack(0x00007000062d5000,0x00007000063d5000)]

Other Threads:
  0x00007fa35d821120 VMThread "VM Thread" [stack: 0x000070000511c000,0x000070000521c000] [id=14851]
  0x00007fa35d862e60 WatcherThread [stack: 0x0000700005d43000,0x0000700005e43000] [id=23811]
  0x00007fa35d812f70 GCTaskThread "GC Thread#0" [stack: 0x0000700004c0d000,0x0000700004d0d000] [id=12547]
  0x00007fa35cf20810 ConcurrentGCThread "G1 Main Marker" [stack: 0x0000700004d10000,0x0000700004e10000] [id=19715]
  0x00007fa35cf215b0 ConcurrentGCThread "G1 Conc#0" [stack: 0x0000700004e13000,0x0000700004f13000] [id=19203]
  0x00007fa35cf3adc0 ConcurrentGCThread "G1 Refine#0" [stack: 0x0000700004f16000,0x0000700005016000] [id=18691]
  0x00007fa35cf3bae0 ConcurrentGCThread "G1 Service" [stack: 0x0000700005019000,0x0000700005119000] [id=18179]

Threads with active compile tasks:

VM state: not at safepoint (normal execution)

VM Mutex/Monitor currently owned by a thread: None

Heap address: 0x0000000780000000, size: 2048 MB, Compressed Oops mode: Zero based, Oop shift amount: 3

CDS archive(s) mapped at: [0x0000000800000000-0x0000000800bd0000-0x0000000800bd0000), size 12386304, SharedBaseAddress: 0x0000000800000000, ArchiveRelocationMode: 0.
Compressed class space mapped at: 0x0000000800c00000-0x0000000840c00000, reserved size: 1073741824
Narrow klass base: 0x0000000800000000, Narrow klass shift: 0, Narrow klass range: 0x100000000

GC Precious Log:
 CPUs: 4 total, 4 available
 Memory: 8192M
 Large Page Support: Disabled
 NUMA Support: Disabled
 Compressed Oops: Enabled (Zero based)
 Heap Region Size: 1M
 Heap Min Capacity: 8M
 Heap Initial Capacity: 128M
 Heap Max Capacity: 2G
 Pre-touch: Disabled
 Parallel Workers: 4
 Concurrent Workers: 1
 Concurrent Refinement Workers: 4
 Periodic GC: Disabled

Heap:
 garbage-first heap   total 133120K, used 10196K [0x0000000780000000, 0x0000000800000000)
  region size 1024K, 11 young (11264K), 0 survivors (0K)
 Metaspace       used 2943K, committed 3136K, reserved 1056768K
  class space    used 335K, committed 448K, reserved 1048576K

Heap Regions: E=young(eden), S=young(survivor), O=old, HS=humongous(starts), HC=humongous(continues), CS=collection set, F=free, OA=open archive, CA=closed archive, TAMS=top-at-mark-start (previous, next)
|   0|0x0000000780000000, 0x0000000780000000, 0x0000000780100000|  0%| F|  |TAMS 0x0000000780000000, 0x0000000780000000| Untracked 
|   1|0x0000000780100000, 0x0000000780100000, 0x0000000780200000|  0%| F|  |TAMS 0x0000000780100000, 0x0000000780100000| Untracked 
|   2|0x0000000780200000, 0x0000000780200000, 0x0000000780300000|  0%| F|  |TAMS 0x0000000780200000, 0x0000000780200000| Untracked 
|   3|0x0000000780300000, 0x0000000780300000, 0x0000000780400000|  0%| F|  |TAMS 0x0000000780300000, 0x0000000780300000| Untracked 
|   4|0x0000000780400000, 0x0000000780400000, 0x0000000780500000|  0%| F|  |TAMS 0x0000000780400000, 0x0000000780400000| Untracked 
|   5|0x0000000780500000, 0x0000000780500000, 0x0000000780600000|  0%| F|  |TAMS 0x0000000780500000, 0x0000000780500000| Untracked 
|   6|0x0000000780600000, 0x0000000780600000, 0x0000000780700000|  0%| F|  |TAMS 0x0000000780600000, 0x0000000780600000| Untracked 
|   7|0x0000000780700000, 0x0000000780700000, 0x0000000780800000|  0%| F|  |TAMS 0x0000000780700000, 0x0000000780700000| Untracked 
|   8|0x0000000780800000, 0x0000000780800000, 0x0000000780900000|  0%| F|  |TAMS 0x0000000780800000, 0x0000000780800000| Untracked 
|   9|0x0000000780900000, 0x0000000780900000, 0x0000000780a00000|  0%| F|  |TAMS 0x0000000780900000, 0x0000000780900000| Untracked 
|  10|0x0000000780a00000, 0x0000000780a00000, 0x0000000780b00000|  0%| F|  |TAMS 0x0000000780a00000, 0x0000000780a00000| Untracked 
|  11|0x0000000780b00000, 0x0000000780b00000, 0x0000000780c00000|  0%| F|  |TAMS 0x0000000780b00000, 0x0000000780b00000| Untracked 
|  12|0x0000000780c00000, 0x0000000780c00000, 0x0000000780d00000|  0%| F|  |TAMS 0x0000000780c00000, 0x0000000780c00000| Untracked 
|  13|0x0000000780d00000, 0x0000000780d00000, 0x0000000780e00000|  0%| F|  |TAMS 0x0000000780d00000, 0x0000000780d00000| Untracked 
|  14|0x0000000780e00000, 0x0000000780e00000, 0x0000000780f00000|  0%| F|  |TAMS 0x0000000780e00000, 0x0000000780e00000| Untracked 
|  15|0x0000000780f00000, 0x0000000780f00000, 0x0000000781000000|  0%| F|  |TAMS 0x0000000780f00000, 0x0000000780f00000| Untracked 
|  16|0x0000000781000000, 0x0000000781000000, 0x0000000781100000|  0%| F|  |TAMS 0x0000000781000000, 0x0000000781000000| Untracked 
|  17|0x0000000781100000, 0x0000000781100000, 0x0000000781200000|  0%| F|  |TAMS 0x0000000781100000, 0x0000000781100000| Untracked 
|  18|0x0000000781200000, 0x0000000781200000, 0x0000000781300000|  0%| F|  |TAMS 0x0000000781200000, 0x0000000781200000| Untracked 
|  19|0x0000000781300000, 0x0000000781300000, 0x0000000781400000|  0%| F|  |TAMS 0x0000000781300000, 0x0000000781300000| Untracked 
|  20|0x0000000781400000, 0x0000000781400000, 0x0000000781500000|  0%| F|  |TAMS 0x0000000781400000, 0x0000000781400000| Untracked 
|  21|0x0000000781500000, 0x0000000781500000, 0x0000000781600000|  0%| F|  |TAMS 0x0000000781500000, 0x0000000781500000| Untracked 
|  22|0x0000000781600000, 0x0000000781600000, 0x0000000781700000|  0%| F|  |TAMS 0x0000000781600000, 0x0000000781600000| Untracked 
|  23|0x0000000781700000, 0x0000000781700000, 0x0000000781800000|  0%| F|  |TAMS 0x0000000781700000, 0x0000000781700000| Untracked 
|  24|0x0000000781800000, 0x0000000781800000, 0x0000000781900000|  0%| F|  |TAMS 0x0000000781800000, 0x0000000781800000| Untracked 
|  25|0x0000000781900000, 0x0000000781900000, 0x0000000781a00000|  0%| F|  |TAMS 0x0000000781900000, 0x0000000781900000| Untracked 
|  26|0x0000000781a00000, 0x0000000781a00000, 0x0000000781b00000|  0%| F|  |TAMS 0x0000000781a00000, 0x0000000781a00000| Untracked 
|  27|0x0000000781b00000, 0x0000000781b00000, 0x0000000781c00000|  0%| F|  |TAMS 0x0000000781b00000, 0x0000000781b00000| Untracked 
|  28|0x0000000781c00000, 0x0000000781c00000, 0x0000000781d00000|  0%| F|  |TAMS 0x0000000781c00000, 0x0000000781c00000| Untracked 
|  29|0x0000000781d00000, 0x0000000781d00000, 0x0000000781e00000|  0%| F|  |TAMS 0x0000000781d00000, 0x0000000781d00000| Untracked 
|  30|0x0000000781e00000, 0x0000000781e00000, 0x0000000781f00000|  0%| F|  |TAMS 0x0000000781e00000, 0x0000000781e00000| Untracked 
|  31|0x0000000781f00000, 0x0000000781f00000, 0x0000000782000000|  0%| F|  |TAMS 0x0000000781f00000, 0x0000000781f00000| Untracked 
|  32|0x0000000782000000, 0x0000000782000000, 0x0000000782100000|  0%| F|  |TAMS 0x0000000782000000, 0x0000000782000000| Untracked 
|  33|0x0000000782100000, 0x0000000782100000, 0x0000000782200000|  0%| F|  |TAMS 0x0000000782100000, 0x0000000782100000| Untracked 
|  34|0x0000000782200000, 0x0000000782200000, 0x0000000782300000|  0%| F|  |TAMS 0x0000000782200000, 0x0000000782200000| Untracked 
|  35|0x0000000782300000, 0x0000000782300000, 0x0000000782400000|  0%| F|  |TAMS 0x0000000782300000, 0x0000000782300000| Untracked 
|  36|0x0000000782400000, 0x0000000782400000, 0x0000000782500000|  0%| F|  |TAMS 0x0000000782400000, 0x0000000782400000| Untracked 
|  37|0x0000000782500000, 0x0000000782500000, 0x0000000782600000|  0%| F|  |TAMS 0x0000000782500000, 0x0000000782500000| Untracked 
|  38|0x0000000782600000, 0x0000000782600000, 0x0000000782700000|  0%| F|  |TAMS 0x0000000782600000, 0x0000000782600000| Untracked 
|  39|0x0000000782700000, 0x0000000782700000, 0x0000000782800000|  0%| F|  |TAMS 0x0000000782700000, 0x0000000782700000| Untracked 
|  40|0x0000000782800000, 0x0000000782800000, 0x0000000782900000|  0%| F|  |TAMS 0x0000000782800000, 0x0000000782800000| Untracked 
|  41|0x0000000782900000, 0x0000000782900000, 0x0000000782a00000|  0%| F|  |TAMS 0x0000000782900000, 0x0000000782900000| Untracked 
|  42|0x0000000782a00000, 0x0000000782a00000, 0x0000000782b00000|  0%| F|  |TAMS 0x0000000782a00000, 0x0000000782a00000| Untracked 
|  43|0x0000000782b00000, 0x0000000782b00000, 0x0000000782c00000|  0%| F|  |TAMS 0x0000000782b00000, 0x0000000782b00000| Untracked 
|  44|0x0000000782c00000, 0x0000000782c00000, 0x0000000782d00000|  0%| F|  |TAMS 0x0000000782c00000, 0x0000000782c00000| Untracked 
|  45|0x0000000782d00000, 0x0000000782d00000, 0x0000000782e00000|  0%| F|  |TAMS 0x0000000782d00000, 0x0000000782d00000| Untracked 
|  46|0x0000000782e00000, 0x0000000782e00000, 0x0000000782f00000|  0%| F|  |TAMS 0x0000000782e00000, 0x0000000782e00000| Untracked 
|  47|0x0000000782f00000, 0x0000000782f00000, 0x0000000783000000|  0%| F|  |TAMS 0x0000000782f00000, 0x0000000782f00000| Untracked 
|  48|0x0000000783000000, 0x0000000783000000, 0x0000000783100000|  0%| F|  |TAMS 0x0000000783000000, 0x0000000783000000| Untracked 
|  49|0x0000000783100000, 0x0000000783100000, 0x0000000783200000|  0%| F|  |TAMS 0x0000000783100000, 0x0000000783100000| Untracked 
|  50|0x0000000783200000, 0x0000000783200000, 0x0000000783300000|  0%| F|  |TAMS 0x0000000783200000, 0x0000000783200000| Untracked 
|  51|0x0000000783300000, 0x0000000783300000, 0x0000000783400000|  0%| F|  |TAMS 0x0000000783300000, 0x0000000783300000| Untracked 
|  52|0x0000000783400000, 0x0000000783400000, 0x0000000783500000|  0%| F|  |TAMS 0x0000000783400000, 0x0000000783400000| Untracked 
|  53|0x0000000783500000, 0x0000000783500000, 0x0000000783600000|  0%| F|  |TAMS 0x0000000783500000, 0x0000000783500000| Untracked 
|  54|0x0000000783600000, 0x0000000783600000, 0x0000000783700000|  0%| F|  |TAMS 0x0000000783600000, 0x0000000783600000| Untracked 
|  55|0x0000000783700000, 0x0000000783700000, 0x0000000783800000|  0%| F|  |TAMS 0x0000000783700000, 0x0000000783700000| Untracked 
|  56|0x0000000783800000, 0x0000000783800000, 0x0000000783900000|  0%| F|  |TAMS 0x0000000783800000, 0x0000000783800000| Untracked 
|  57|0x0000000783900000, 0x0000000783900000, 0x0000000783a00000|  0%| F|  |TAMS 0x0000000783900000, 0x0000000783900000| Untracked 
|  58|0x0000000783a00000, 0x0000000783a00000, 0x0000000783b00000|  0%| F|  |TAMS 0x0000000783a00000, 0x0000000783a00000| Untracked 
|  59|0x0000000783b00000, 0x0000000783b00000, 0x0000000783c00000|  0%| F|  |TAMS 0x0000000783b00000, 0x0000000783b00000| Untracked 
|  60|0x0000000783c00000, 0x0000000783c00000, 0x0000000783d00000|  0%| F|  |TAMS 0x0000000783c00000, 0x0000000783c00000| Untracked 
|  61|0x0000000783d00000, 0x0000000783d00000, 0x0000000783e00000|  0%| F|  |TAMS 0x0000000783d00000, 0x0000000783d00000| Untracked 
|  62|0x0000000783e00000, 0x0000000783e00000, 0x0000000783f00000|  0%| F|  |TAMS 0x0000000783e00000, 0x0000000783e00000| Untracked 
|  63|0x0000000783f00000, 0x0000000783f00000, 0x0000000784000000|  0%| F|  |TAMS 0x0000000783f00000, 0x0000000783f00000| Untracked 
|  64|0x0000000784000000, 0x0000000784000000, 0x0000000784100000|  0%| F|  |TAMS 0x0000000784000000, 0x0000000784000000| Untracked 
|  65|0x0000000784100000, 0x0000000784100000, 0x0000000784200000|  0%| F|  |TAMS 0x0000000784100000, 0x0000000784100000| Untracked 
|  66|0x0000000784200000, 0x0000000784200000, 0x0000000784300000|  0%| F|  |TAMS 0x0000000784200000, 0x0000000784200000| Untracked 
|  67|0x0000000784300000, 0x0000000784300000, 0x0000000784400000|  0%| F|  |TAMS 0x0000000784300000, 0x0000000784300000| Untracked 
|  68|0x0000000784400000, 0x0000000784400000, 0x0000000784500000|  0%| F|  |TAMS 0x0000000784400000, 0x0000000784400000| Untracked 
|  69|0x0000000784500000, 0x0000000784500000, 0x0000000784600000|  0%| F|  |TAMS 0x0000000784500000, 0x0000000784500000| Untracked 
|  70|0x0000000784600000, 0x0000000784600000, 0x0000000784700000|  0%| F|  |TAMS 0x0000000784600000, 0x0000000784600000| Untracked 
|  71|0x0000000784700000, 0x0000000784700000, 0x0000000784800000|  0%| F|  |TAMS 0x0000000784700000, 0x0000000784700000| Untracked 
|  72|0x0000000784800000, 0x0000000784800000, 0x0000000784900000|  0%| F|  |TAMS 0x0000000784800000, 0x0000000784800000| Untracked 
|  73|0x0000000784900000, 0x0000000784900000, 0x0000000784a00000|  0%| F|  |TAMS 0x0000000784900000, 0x0000000784900000| Untracked 
|  74|0x0000000784a00000, 0x0000000784a00000, 0x0000000784b00000|  0%| F|  |TAMS 0x0000000784a00000, 0x0000000784a00000| Untracked 
|  75|0x0000000784b00000, 0x0000000784b00000, 0x0000000784c00000|  0%| F|  |TAMS 0x0000000784b00000, 0x0000000784b00000| Untracked 
|  76|0x0000000784c00000, 0x0000000784c00000, 0x0000000784d00000|  0%| F|  |TAMS 0x0000000784c00000, 0x0000000784c00000| Untracked 
|  77|0x0000000784d00000, 0x0000000784d00000, 0x0000000784e00000|  0%| F|  |TAMS 0x0000000784d00000, 0x0000000784d00000| Untracked 
|  78|0x0000000784e00000, 0x0000000784e00000, 0x0000000784f00000|  0%| F|  |TAMS 0x0000000784e00000, 0x0000000784e00000| Untracked 
|  79|0x0000000784f00000, 0x0000000784f00000, 0x0000000785000000|  0%| F|  |TAMS 0x0000000784f00000, 0x0000000784f00000| Untracked 
|  80|0x0000000785000000, 0x0000000785000000, 0x0000000785100000|  0%| F|  |TAMS 0x0000000785000000, 0x0000000785000000| Untracked 
|  81|0x0000000785100000, 0x0000000785100000, 0x0000000785200000|  0%| F|  |TAMS 0x0000000785100000, 0x0000000785100000| Untracked 
|  82|0x0000000785200000, 0x0000000785200000, 0x0000000785300000|  0%| F|  |TAMS 0x0000000785200000, 0x0000000785200000| Untracked 
|  83|0x0000000785300000, 0x0000000785300000, 0x0000000785400000|  0%| F|  |TAMS 0x0000000785300000, 0x0000000785300000| Untracked 
|  84|0x0000000785400000, 0x0000000785400000, 0x0000000785500000|  0%| F|  |TAMS 0x0000000785400000, 0x0000000785400000| Untracked 
|  85|0x0000000785500000, 0x0000000785500000, 0x0000000785600000|  0%| F|  |TAMS 0x0000000785500000, 0x0000000785500000| Untracked 
|  86|0x0000000785600000, 0x0000000785600000, 0x0000000785700000|  0%| F|  |TAMS 0x0000000785600000, 0x0000000785600000| Untracked 
|  87|0x0000000785700000, 0x0000000785700000, 0x0000000785800000|  0%| F|  |TAMS 0x0000000785700000, 0x0000000785700000| Untracked 
|  88|0x0000000785800000, 0x0000000785800000, 0x0000000785900000|  0%| F|  |TAMS 0x0000000785800000, 0x0000000785800000| Untracked 
|  89|0x0000000785900000, 0x0000000785900000, 0x0000000785a00000|  0%| F|  |TAMS 0x0000000785900000, 0x0000000785900000| Untracked 
|  90|0x0000000785a00000, 0x0000000785a00000, 0x0000000785b00000|  0%| F|  |TAMS 0x0000000785a00000, 0x0000000785a00000| Untracked 
|  91|0x0000000785b00000, 0x0000000785b00000, 0x0000000785c00000|  0%| F|  |TAMS 0x0000000785b00000, 0x0000000785b00000| Untracked 
|  92|0x0000000785c00000, 0x0000000785c00000, 0x0000000785d00000|  0%| F|  |TAMS 0x0000000785c00000, 0x0000000785c00000| Untracked 
|  93|0x0000000785d00000, 0x0000000785d00000, 0x0000000785e00000|  0%| F|  |TAMS 0x0000000785d00000, 0x0000000785d00000| Untracked 
|  94|0x0000000785e00000, 0x0000000785e00000, 0x0000000785f00000|  0%| F|  |TAMS 0x0000000785e00000, 0x0000000785e00000| Untracked 
|  95|0x0000000785f00000, 0x0000000785f00000, 0x0000000786000000|  0%| F|  |TAMS 0x0000000785f00000, 0x0000000785f00000| Untracked 
|  96|0x0000000786000000, 0x0000000786000000, 0x0000000786100000|  0%| F|  |TAMS 0x0000000786000000, 0x0000000786000000| Untracked 
|  97|0x0000000786100000, 0x0000000786100000, 0x0000000786200000|  0%| F|  |TAMS 0x0000000786100000, 0x0000000786100000| Untracked 
|  98|0x0000000786200000, 0x0000000786200000, 0x0000000786300000|  0%| F|  |TAMS 0x0000000786200000, 0x0000000786200000| Untracked 
|  99|0x0000000786300000, 0x0000000786300000, 0x0000000786400000|  0%| F|  |TAMS 0x0000000786300000, 0x0000000786300000| Untracked 
| 100|0x0000000786400000, 0x0000000786400000, 0x0000000786500000|  0%| F|  |TAMS 0x0000000786400000, 0x0000000786400000| Untracked 
| 101|0x0000000786500000, 0x0000000786500000, 0x0000000786600000|  0%| F|  |TAMS 0x0000000786500000, 0x0000000786500000| Untracked 
| 102|0x0000000786600000, 0x0000000786600000, 0x0000000786700000|  0%| F|  |TAMS 0x0000000786600000, 0x0000000786600000| Untracked 
| 103|0x0000000786700000, 0x0000000786700000, 0x0000000786800000|  0%| F|  |TAMS 0x0000000786700000, 0x0000000786700000| Untracked 
| 104|0x0000000786800000, 0x0000000786800000, 0x0000000786900000|  0%| F|  |TAMS 0x0000000786800000, 0x0000000786800000| Untracked 
| 105|0x0000000786900000, 0x0000000786900000, 0x0000000786a00000|  0%| F|  |TAMS 0x0000000786900000, 0x0000000786900000| Untracked 
| 106|0x0000000786a00000, 0x0000000786a00000, 0x0000000786b00000|  0%| F|  |TAMS 0x0000000786a00000, 0x0000000786a00000| Untracked 
| 107|0x0000000786b00000, 0x0000000786b00000, 0x0000000786c00000|  0%| F|  |TAMS 0x0000000786b00000, 0x0000000786b00000| Untracked 
| 108|0x0000000786c00000, 0x0000000786c00000, 0x0000000786d00000|  0%| F|  |TAMS 0x0000000786c00000, 0x0000000786c00000| Untracked 
| 109|0x0000000786d00000, 0x0000000786d00000, 0x0000000786e00000|  0%| F|  |TAMS 0x0000000786d00000, 0x0000000786d00000| Untracked 
| 110|0x0000000786e00000, 0x0000000786e00000, 0x0000000786f00000|  0%| F|  |TAMS 0x0000000786e00000, 0x0000000786e00000| Untracked 
| 111|0x0000000786f00000, 0x0000000786f00000, 0x0000000787000000|  0%| F|  |TAMS 0x0000000786f00000, 0x0000000786f00000| Untracked 
| 112|0x0000000787000000, 0x0000000787000000, 0x0000000787100000|  0%| F|  |TAMS 0x0000000787000000, 0x0000000787000000| Untracked 
| 113|0x0000000787100000, 0x0000000787100000, 0x0000000787200000|  0%| F|  |TAMS 0x0000000787100000, 0x0000000787100000| Untracked 
| 114|0x0000000787200000, 0x0000000787200000, 0x0000000787300000|  0%| F|  |TAMS 0x0000000787200000, 0x0000000787200000| Untracked 
| 115|0x0000000787300000, 0x0000000787300000, 0x0000000787400000|  0%| F|  |TAMS 0x0000000787300000, 0x0000000787300000| Untracked 
| 116|0x0000000787400000, 0x0000000787400000, 0x0000000787500000|  0%| F|  |TAMS 0x0000000787400000, 0x0000000787400000| Untracked 
| 117|0x0000000787500000, 0x00000007875c8390, 0x0000000787600000| 78%| E|  |TAMS 0x0000000787500000, 0x0000000787500000| Complete 
| 118|0x0000000787600000, 0x0000000787700000, 0x0000000787700000|100%| E|CS|TAMS 0x0000000787600000, 0x0000000787600000| Complete 
| 119|0x0000000787700000, 0x0000000787800000, 0x0000000787800000|100%| E|CS|TAMS 0x0000000787700000, 0x0000000787700000| Complete 
| 120|0x0000000787800000, 0x0000000787900000, 0x0000000787900000|100%| E|CS|TAMS 0x0000000787800000, 0x0000000787800000| Complete 
| 121|0x0000000787900000, 0x0000000787a00000, 0x0000000787a00000|100%| E|CS|TAMS 0x0000000787900000, 0x0000000787900000| Complete 
| 122|0x0000000787a00000, 0x0000000787b00000, 0x0000000787b00000|100%| E|CS|TAMS 0x0000000787a00000, 0x0000000787a00000| Complete 
| 123|0x0000000787b00000, 0x0000000787c00000, 0x0000000787c00000|100%| E|CS|TAMS 0x0000000787b00000, 0x0000000787b00000| Complete 
| 124|0x0000000787c00000, 0x0000000787d00000, 0x0000000787d00000|100%| E|  |TAMS 0x0000000787c00000, 0x0000000787c00000| Complete 
| 125|0x0000000787d00000, 0x0000000787e00000, 0x0000000787e00000|100%| E|CS|TAMS 0x0000000787d00000, 0x0000000787d00000| Complete 
| 126|0x0000000787e00000, 0x0000000787f00000, 0x0000000787f00000|100%| E|CS|TAMS 0x0000000787e00000, 0x0000000787e00000| Complete 
| 127|0x0000000787f00000, 0x0000000788000000, 0x0000000788000000|100%| E|CS|TAMS 0x0000000787f00000, 0x0000000787f00000| Complete 
|2046|0x00000007ffe00000, 0x00000007ffe76000, 0x00000007fff00000| 46%|OA|  |TAMS 0x00000007ffe00000, 0x00000007ffe00000| Untracked 
|2047|0x00000007fff00000, 0x00000007fff7f000, 0x0000000800000000| 49%|CA|  |TAMS 0x00000007fff00000, 0x00000007fff00000| Untracked 

Card table byte_map: [0x0000000105c00000,0x0000000106000000] _byte_map_base: 0x0000000102000000

Marking Bits (Prev, Next): (CMBitMap*) 0x00007fa35d00a610, (CMBitMap*) 0x00007fa35d00a650
 Prev Bits: [0x0000000107aa3000, 0x0000000109aa3000)
 Next Bits: [0x0000000109aa3000, 0x000000010baa3000)

Polling page: 0x000000010344d000

Metaspace:

Usage:
  Non-class:      2.55 MB used.
      Class:    335.01 KB used.
       Both:      2.87 MB used.

Virtual space:
  Non-class space:        8.00 MB reserved,       2.62 MB ( 33%) committed,  1 nodes.
      Class space:        1.00 GB reserved,     448.00 KB ( <1%) committed,  1 nodes.
             Both:        1.01 GB reserved,       3.06 MB ( <1%) committed. 

Chunk freelists:
   Non-Class:  2.88 MB
       Class:  3.55 MB
        Both:  6.42 MB

MaxMetaspaceSize: unlimited
CompressedClassSpaceSize: 1.00 GB
Initial GC threshold: 21.00 MB
Current GC threshold: 21.00 MB
CDS: on
MetaspaceReclaimPolicy: balanced
 - commit_granule_bytes: 65536.
 - commit_granule_words: 8192.
 - virtual_space_node_default_size: 1048576.
 - enlarge_chunks_in_place: 1.
 - new_chunks_are_fully_committed: 0.
 - uncommit_free_chunks: 1.
 - use_allocation_guard: 0.
 - handle_deallocations: 1.


Internal statistics:

num_allocs_failed_limit: 0.
num_arena_births: 74.
num_arena_deaths: 0.
num_vsnodes_births: 2.
num_vsnodes_deaths: 0.
num_space_committed: 49.
num_space_uncommitted: 0.
num_chunks_returned_to_freelist: 0.
num_chunks_taken_from_freelist: 147.
num_chunk_merges: 0.
num_chunk_splits: 96.
num_chunks_enlarged: 67.
num_purges: 0.
num_inconsistent_stats: 0.

CodeHeap 'non-profiled nmethods': size=120032Kb used=205Kb max_used=205Kb free=119826Kb
 bounds [0x000000011df58000, 0x000000011e1c8000, 0x0000000125490000]
CodeHeap 'profiled nmethods': size=120028Kb used=941Kb max_used=941Kb free=119086Kb
 bounds [0x0000000116a21000, 0x0000000116c91000, 0x000000011df58000]
CodeHeap 'non-nmethods': size=5700Kb used=1173Kb max_used=1188Kb free=4526Kb
 bounds [0x0000000116490000, 0x0000000116700000, 0x0000000116a21000]
 total_blobs=1100 nmethods=628 adapters=386
 compilation: enabled
              stopped_count=0, restarted_count=0
 full_count=0

Compilation events (20 events):
Event: 0.410 Thread 0x00007fa35d087600  619       4       sun.security.provider.MD5::implCompress0 (1407 bytes)
Event: 0.422 Thread 0x00007fa35e04da00  618       3       sun.security.provider.DigestBase::implCompressMultiBlock0 (23 bytes)
Event: 0.422 Thread 0x00007fa35e04da00 nmethod 618 0x0000000116b09990 code [0x0000000116b09b40, 0x0000000116b09de0]
Event: 0.428 Thread 0x00007fa35d087600 nmethod 619 0x000000011df89c10 code [0x000000011df89da0, 0x000000011df8aa98]
Event: 0.446 Thread 0x00007fa35e04da00  620       3       java.util.ArrayDeque::pollFirst (36 bytes)
Event: 0.446 Thread 0x00007fa35e04da00 nmethod 620 0x0000000116b09f10 code [0x0000000116b0a0e0, 0x0000000116b0a4f0]
Event: 0.446 Thread 0x00007fa35e04da00  621       3       jdk.internal.org.objectweb.asm.ByteVector::<init> (13 bytes)
Event: 0.446 Thread 0x00007fa35e04da00 nmethod 621 0x0000000116b0a690 code [0x0000000116b0a840, 0x0000000116b0aab0]
Event: 0.446 Thread 0x00007fa35e04da00  622       3       java.lang.invoke.MethodHandles$Lookup::<init> (84 bytes)
Event: 0.447 Thread 0x00007fa35e04da00 nmethod 622 0x0000000116b0ab90 code [0x0000000116b0ad40, 0x0000000116b0af90]
Event: 0.447 Thread 0x00007fa35d087600  623       4       java.lang.invoke.MethodType::parameterCount (6 bytes)
Event: 0.447 Thread 0x00007fa35d087600 nmethod 623 0x000000011df8ad10 code [0x000000011df8aea0, 0x000000011df8af38]
Event: 0.448 Thread 0x00007fa35e04da00  624       1       java.lang.invoke.InfoFromMemberName::getReferenceKind (5 bytes)
Event: 0.448 Thread 0x00007fa35e04da00 nmethod 624 0x000000011df8b010 code [0x000000011df8b1a0, 0x000000011df8b270]
Event: 0.448 Thread 0x00007fa35e04da00  625       3       java.lang.invoke.MemberName::getType (19 bytes)
Event: 0.449 Thread 0x00007fa35e04da00 nmethod 625 0x0000000116b0b090 code [0x0000000116b0b280, 0x0000000116b0b630]
Event: 0.646 Thread 0x00007fa35e04da00  628       3       java.util.Collections$UnmodifiableCollection$1::hasNext (10 bytes)
Event: 0.646 Thread 0x00007fa35e04da00 nmethod 628 0x0000000116b0b790 code [0x0000000116b0b940, 0x0000000116b0bb20]
Event: 0.646 Thread 0x00007fa35e04da00  627       3       jdk.internal.org.objectweb.asm.Label::resolve (219 bytes)
Event: 0.647 Thread 0x00007fa35e04da00 nmethod 627 0x0000000116b0bc10 code [0x0000000116b0be00, 0x0000000116b0c330]

GC Heap History (0 events):
No events

Deoptimization events (18 events):
Event: 0.110 Thread 0x00007fa35d008c00 Uncommon trap: trap_request=0xffffff45 fr.pc=0x000000011df637a0 relative=0x0000000000000080
Event: 0.110 Thread 0x00007fa35d008c00 Uncommon trap: reason=unstable_if action=reinterpret pc=0x000000011df637a0 method=java.lang.CharacterDataLatin1.isJavaIdentifierPart(I)Z @ 11 c2
Event: 0.110 Thread 0x00007fa35d008c00 DEOPT PACKING pc=0x000000011df637a0 sp=0x0000700004c08490
Event: 0.110 Thread 0x00007fa35d008c00 DEOPT UNPACKING pc=0x00000001164e2099 sp=0x0000700004c08428 mode 2
Event: 0.161 Thread 0x00007fa35d008c00 DEOPT PACKING pc=0x0000000116a6574b sp=0x0000700004c04f40
Event: 0.161 Thread 0x00007fa35d008c00 DEOPT UNPACKING pc=0x00000001164e282f sp=0x0000700004c043c0 mode 0
Event: 0.254 Thread 0x00007fa35e04fc00 Uncommon trap: trap_request=0xffffff45 fr.pc=0x000000011df66104 relative=0x00000000000006c4
Event: 0.254 Thread 0x00007fa35e04fc00 Uncommon trap: reason=unstable_if action=reinterpret pc=0x000000011df66104 method=jdk.internal.module.Checks.isJavaIdentifier(Ljava/lang/String;)Z @ 4 c2
Event: 0.254 Thread 0x00007fa35e04fc00 DEOPT PACKING pc=0x000000011df66104 sp=0x0000700005f44d90
Event: 0.254 Thread 0x00007fa35e04fc00 DEOPT UNPACKING pc=0x00000001164e2099 sp=0x0000700005f44d50 mode 2
Event: 0.264 Thread 0x00007fa35e04fc00 Uncommon trap: trap_request=0xffffff45 fr.pc=0x000000011df6cbbc relative=0x0000000000000e1c
Event: 0.264 Thread 0x00007fa35e04fc00 Uncommon trap: reason=unstable_if action=reinterpret pc=0x000000011df6cbbc method=java.util.HashMap.putVal(ILjava/lang/Object;Ljava/lang/Object;ZZ)Ljava/lang/Object; @ 193 c2
Event: 0.264 Thread 0x00007fa35e04fc00 DEOPT PACKING pc=0x000000011df6cbbc sp=0x0000700005f449f0
Event: 0.264 Thread 0x00007fa35e04fc00 DEOPT UNPACKING pc=0x00000001164e2099 sp=0x0000700005f44990 mode 2
Event: 0.634 Thread 0x00007fa35e1dca00 Uncommon trap: trap_request=0xffffff45 fr.pc=0x000000011df87e80 relative=0x00000000000002c0
Event: 0.634 Thread 0x00007fa35e1dca00 Uncommon trap: reason=unstable_if action=reinterpret pc=0x000000011df87e80 method=java.lang.invoke.VarHandle.checkExactAccessMode(Ljava/lang/invoke/VarHandle$AccessDescriptor;)V @ 4 c2
Event: 0.634 Thread 0x00007fa35e1dca00 DEOPT PACKING pc=0x000000011df87e80 sp=0x00007ff7bcbe1390
Event: 0.634 Thread 0x00007fa35e1dca00 DEOPT UNPACKING pc=0x00000001164e2099 sp=0x00007ff7bcbe1300 mode 2

Classes unloaded (0 events):
No events

Classes redefined (0 events):
No events

Internal exceptions (8 events):
Event: 0.065 Thread 0x00007fa35d008c00 Exception <a 'java/lang/NoSuchMethodError'{0x0000000787fe66f8}: 'void java.lang.invoke.DirectMethodHandle$Holder.invokeVirtual(java.lang.Object, java.lang.Object)'> (0x0000000787fe66f8) 
thrown [src/hotspot/share/interpreter/linkResolver.cpp, line 766]
Event: 0.157 Thread 0x00007fa35d008c00 Exception <a 'java/lang/NoSuchMethodError'{0x0000000787ce77f8}: 'java.lang.Object java.lang.invoke.DirectMethodHandle$Holder.invokeStaticInit(java.lang.Object)'> (0x0000000787ce77f8) 
thrown [src/hotspot/share/interpreter/linkResolver.cpp, line 766]
Event: 0.158 Thread 0x00007fa35d008c00 Exception <a 'java/lang/NoSuchMethodError'{0x0000000787cf4b28}: 'void java.lang.invoke.DirectMethodHandle$Holder.invokeStatic(java.lang.Object, java.lang.Object)'> (0x0000000787cf4b28) 
thrown [src/hotspot/share/interpreter/linkResolver.cpp, line 766]
Event: 0.226 Thread 0x00007fa35d008c00 Exception <a 'java/lang/NoSuchMethodError'{0x00000007879cfb08}: 'void java.lang.invoke.DirectMethodHandle$Holder.invokeSpecial(java.lang.Object, java.lang.Object, java.lang.Object)'> (0x00000007879cfb08) 
thrown [src/hotspot/share/interpreter/linkResolver.cpp, line 766]
Event: 0.234 Thread 0x00007fa35d008c00 Exception <a 'java/lang/NoSuchMethodError'{0x000000078780d6c0}: 'void java.lang.invoke.DirectMethodHandle$Holder.invokeStatic(java.lang.Object, java.lang.Object, java.lang.Object)'> (0x000000078780d6c0) 
thrown [src/hotspot/share/interpreter/linkResolver.cpp, line 766]
Event: 0.384 Thread 0x00007fa35d008c00 Exception <a 'java/lang/NoSuchMethodError'{0x000000078782a218}: 'int java.lang.invoke.DirectMethodHandle$Holder.invokeStaticInit(java.lang.Object, java.lang.Object, java.lang.Object)'> (0x000000078782a218) 
thrown [src/hotspot/share/interpreter/linkResolver.cpp, line 766]
Event: 0.635 Thread 0x00007fa35e1dca00 Exception <a 'java/lang/ClassCastException'{0x00000007876e8230}> (0x00000007876e8230) 
thrown [src/hotspot/share/runtime/sharedRuntime.cpp, line 628]
Event: 0.635 Thread 0x00007fa35e1dca00 Exception <a 'java/lang/BootstrapMethodError'{0x00000007876e8500}> (0x00000007876e8500) 
thrown [src/hotspot/share/utilities/exceptions.cpp, line 452]

VM Operations (6 events):
Event: 0.136 Executing VM operation: HandshakeAllThreads
Event: 0.136 Executing VM operation: HandshakeAllThreads done
Event: 0.136 Executing VM operation: HandshakeAllThreads
Event: 0.136 Executing VM operation: HandshakeAllThreads done
Event: 1.141 Executing VM operation: Cleanup
Event: 1.142 Executing VM operation: Cleanup done

Events (20 events):
Event: 0.520 Thread 0x00007fa35d3bea00 Thread added: 0x00007fa35d3bea00
Event: 0.524 Protecting memory [0x000070000604c000,0x0000700006050000] with protection modes 0
Event: 0.632 loading class java/util/concurrent/LinkedBlockingDeque$Node
Event: 0.632 loading class java/util/concurrent/LinkedBlockingDeque$Node done
Event: 0.632 Protecting memory [0x000070000604c000,0x0000700006050000] with protection modes 3
Event: 0.632 Thread 0x00007fa35d3bea00 Thread exited: 0x00007fa35d3bea00
Event: 0.634 loading class java/util/concurrent/FutureTask
Event: 0.634 loading class java/util/concurrent/FutureTask done
Event: 0.635 loading class java/lang/Throwable$WrappedPrintStream
Event: 0.635 loading class java/lang/Throwable$PrintStreamOrWriter
Event: 0.635 loading class java/lang/Throwable$PrintStreamOrWriter done
Event: 0.635 loading class java/lang/Throwable$WrappedPrintStream done
Event: 0.635 loading class java/lang/StackTraceElement$HashedModules
Event: 0.635 loading class java/lang/StackTraceElement$HashedModules done
Event: 1016.206 loading class jdk/internal/misc/Signal$1
Event: 1016.207 loading class jdk/internal/misc/Signal$1 done
Event: 1016.210 Thread 0x00007fa35d3f0600 Thread added: 0x00007fa35d3f0600
Event: 1016.211 Protecting memory [0x00007000060cf000,0x00007000060d3000] with protection modes 0
Event: 1016.213 Thread 0x00007fa35e1f2000 Thread added: 0x00007fa35e1f2000
Event: 1016.213 Protecting memory [0x00007000061d2000,0x00007000061d6000] with protection modes 0


Dynamic libraries:
0x0000000103437000 	/Users/juliaevelinstensnes-martini/.sdkman/candidates/java/17.0.1-tem/lib/libjli.dylib
0x00007ff827768000 	/usr/lib/libz.1.dylib
0x00007ff827848000 	/usr/lib/libSystem.B.dylib
0x00007ff827843000 	/usr/lib/system/libcache.dylib
0x00007ff8277ff000 	/usr/lib/system/libcommonCrypto.dylib
0x00007ff827828000 	/usr/lib/system/libcompiler_rt.dylib
0x00007ff82781e000 	/usr/lib/system/libcopyfile.dylib
0x00007ff81c7d7000 	/usr/lib/system/libcorecrypto.dylib
0x00007ff81c895000 	/usr/lib/system/libdispatch.dylib
0x00007ff81ca55000 	/usr/lib/system/libdyld.dylib
0x00007ff82783a000 	/usr/lib/system/libkeymgr.dylib
0x00007ff8277dd000 	/usr/lib/system/libmacho.dylib
0x00007ff826e5e000 	/usr/lib/system/libquarantine.dylib
0x00007ff827838000 	/usr/lib/system/libremovefile.dylib
0x00007ff8219ea000 	/usr/lib/system/libsystem_asl.dylib
0x00007ff81c780000 	/usr/lib/system/libsystem_blocks.dylib
0x00007ff81c919000 	/usr/lib/system/libsystem_c.dylib
0x00007ff827830000 	/usr/lib/system/libsystem_collections.dylib
0x00007ff826112000 	/usr/lib/system/libsystem_configuration.dylib
0x00007ff8253bb000 	/usr/lib/system/libsystem_containermanager.dylib
0x00007ff827515000 	/usr/lib/system/libsystem_coreservices.dylib
0x00007ff81f08b000 	/usr/lib/system/libsystem_darwin.dylib
0x00007ff82783b000 	/usr/lib/system/libsystem_dnssd.dylib
0x00007ff81c916000 	/usr/lib/system/libsystem_featureflags.dylib
0x00007ff81ca6b000 	/usr/lib/system/libsystem_info.dylib
0x00007ff82777b000 	/usr/lib/system/libsystem_m.dylib
0x00007ff81c869000 	/usr/lib/system/libsystem_malloc.dylib
0x00007ff821985000 	/usr/lib/system/libsystem_networkextension.dylib
0x00007ff81f4b1000 	/usr/lib/system/libsystem_notify.dylib
0x00007ff82dab6000 	/usr/lib/system/libsystem_product_info_filter.dylib
0x00007ff826116000 	/usr/lib/system/libsystem_sandbox.dylib
0x00007ff827835000 	/usr/lib/system/libsystem_secinit.dylib
0x00007ff81ca11000 	/usr/lib/system/libsystem_kernel.dylib
0x00007ff81ca61000 	/usr/lib/system/libsystem_platform.dylib
0x00007ff81ca49000 	/usr/lib/system/libsystem_pthread.dylib
0x00007ff823238000 	/usr/lib/system/libsystem_symptoms.dylib
0x00007ff81c7be000 	/usr/lib/system/libsystem_trace.dylib
0x00007ff82780b000 	/usr/lib/system/libunwind.dylib
0x00007ff81c782000 	/usr/lib/system/libxpc.dylib
0x00007ff81c9fb000 	/usr/lib/libc++abi.dylib
0x00007ff81c8dc000 	/usr/lib/libobjc.A.dylib
0x00007ff827816000 	/usr/lib/liboah.dylib
0x00007ff81c9a2000 	/usr/lib/libc++.1.dylib
0x00007ff8338b7000 	/System/Library/Frameworks/Cocoa.framework/Versions/A/Cocoa
0x00007ff81f50f000 	/System/Library/Frameworks/AppKit.framework/Versions/C/AppKit
0x00007ff822a26000 	/System/Library/Frameworks/CoreData.framework/Versions/A/CoreData
0x00007ff81d912000 	/System/Library/Frameworks/Foundation.framework/Versions/C/Foundation
0x00007ff82039f000 	/System/Library/PrivateFrameworks/UIFoundation.framework/Versions/A/UIFoundation
0x00007ff82d7b9000 	/System/Library/PrivateFrameworks/RemoteViewServices.framework/Versions/A/RemoteViewServices
0x00007ff825a9c000 	/System/Library/PrivateFrameworks/XCTTargetBootstrap.framework/Versions/A/XCTTargetBootstrap
0x00007ff82964f000 	/System/Library/PrivateFrameworks/InternationalSupport.framework/Versions/A/InternationalSupport
0x00007ff8296d9000 	/System/Library/PrivateFrameworks/UserActivity.framework/Versions/A/UserActivity
0x00007ff828a2f000 	/usr/lib/libspindump.dylib
0x00007ff82062e000 	/System/Library/Frameworks/UniformTypeIdentifiers.framework/Versions/A/UniformTypeIdentifiers
0x00007ff8241c0000 	/usr/lib/libapp_launch_measurement.dylib
0x00007ff8233f8000 	/System/Library/PrivateFrameworks/CoreAnalytics.framework/Versions/A/CoreAnalytics
0x00007ff8241c3000 	/System/Library/PrivateFrameworks/CoreAutoLayout.framework/Versions/A/CoreAutoLayout
0x00007ff8253f3000 	/System/Library/Frameworks/Metal.framework/Versions/A/Metal
0x00007ff826122000 	/usr/lib/liblangid.dylib
0x00007ff825aa1000 	/System/Library/PrivateFrameworks/CoreSVG.framework/Versions/A/CoreSVG
0x00007ff821a1a000 	/System/Library/PrivateFrameworks/SkyLight.framework/Versions/A/SkyLight
0x00007ff821db9000 	/System/Library/Frameworks/CoreGraphics.framework/Versions/A/CoreGraphics
0x00007ff82de79000 	/System/Library/Frameworks/Accelerate.framework/Versions/A/Accelerate
0x00007ff8284ae000 	/System/Library/PrivateFrameworks/IconServices.framework/Versions/A/IconServices
0x00007ff8253d8000 	/System/Library/Frameworks/IOSurface.framework/Versions/A/IOSurface
0x00007ff823426000 	/usr/lib/libDiagnosticMessagesClient.dylib
0x00007ff83155b000 	/System/Library/Frameworks/ApplicationServices.framework/Versions/A/ApplicationServices
0x00007ff825a88000 	/System/Library/PrivateFrameworks/DFRFoundation.framework/Versions/A/DFRFoundation
0x00007ff81edf7000 	/usr/lib/libicucore.A.dylib
0x00007ff82a445000 	/System/Library/Frameworks/AudioToolbox.framework/Versions/A/AudioToolbox
0x00007ff82965b000 	/System/Library/PrivateFrameworks/DataDetectorsCore.framework/Versions/A/DataDetectorsCore
0x00007ff925b59000 	/System/Library/PrivateFrameworks/TextInput.framework/Versions/A/TextInput
0x00007ff82199d000 	/usr/lib/libMobileGestalt.dylib
0x00007ff825794000 	/System/Library/Frameworks/Carbon.framework/Versions/A/Frameworks/HIToolbox.framework/Versions/A/HIToolbox
0x00007ff823bc3000 	/System/Library/Frameworks/QuartzCore.framework/Versions/A/QuartzCore
0x00007ff81ea9c000 	/System/Library/Frameworks/Security.framework/Versions/A/Security
0x00007ff82d7f1000 	/System/Library/Frameworks/Carbon.framework/Versions/A/Frameworks/SpeechRecognition.framework/Versions/A/SpeechRecognition
0x00007ff823f20000 	/System/Library/PrivateFrameworks/CoreUI.framework/Versions/A/CoreUI
0x00007ff81e366000 	/System/Library/Frameworks/CoreAudio.framework/Versions/A/CoreAudio
0x00007ff823515000 	/System/Library/Frameworks/DiskArbitration.framework/Versions/A/DiskArbitration
0x00007ff828e1d000 	/System/Library/PrivateFrameworks/MultitouchSupport.framework/Versions/A/MultitouchSupport
0x00007ff82199c000 	/usr/lib/libenergytrace.dylib
0x00007ff81f3fb000 	/System/Library/Frameworks/IOKit.framework/Versions/A/IOKit
0x00007ff82dbe1000 	/System/Library/Frameworks/CoreServices.framework/Versions/A/CoreServices
0x00007ff82415a000 	/System/Library/PrivateFrameworks/PerformanceAnalysis.framework/Versions/A/PerformanceAnalysis
0x00007ffa3583b000 	/System/Library/Frameworks/OpenGL.framework/Versions/A/OpenGL
0x00007ff826d84000 	/System/Library/PrivateFrameworks/MobileKeyBag.framework/Versions/A/MobileKeyBag
0x00007ff822485000 	/System/Library/Frameworks/ColorSync.framework/Versions/A/ColorSync
0x00007ff81ca96000 	/System/Library/Frameworks/CoreFoundation.framework/Versions/A/CoreFoundation
0x00007ff825d18000 	/System/Library/Frameworks/CoreImage.framework/Versions/A/CoreImage
0x00007ff81e17a000 	/System/Library/Frameworks/CoreText.framework/Versions/A/CoreText
0x00007ff825ad1000 	/System/Library/Frameworks/ImageIO.framework/Versions/A/ImageIO
0x00007ff82784e000 	/System/Library/PrivateFrameworks/SoftLinking.framework/Versions/A/SoftLinking
0x00007ff82420b000 	/usr/lib/libxml2.2.dylib
0x00007ff827ad2000 	/usr/lib/libcompression.dylib
0x00007ff829582000 	/System/Library/PrivateFrameworks/TextureIO.framework/Versions/A/TextureIO
0x00007ff8281c0000 	/usr/lib/libate.dylib
0x00007ff827f9c000 	/usr/lib/liblzma.5.dylib
0x00007ff81d624000 	/System/Library/Frameworks/SystemConfiguration.framework/Versions/A/SystemConfiguration
0x00007ff82784a000 	/usr/lib/libfakelink.dylib
0x00007ff8214f5000 	/System/Library/Frameworks/CFNetwork.framework/Versions/A/CFNetwork
0x00007ff82798b000 	/usr/lib/libarchive.2.dylib
0x00007ff82611e000 	/System/Library/PrivateFrameworks/AppleSystemInfo.framework/Versions/A/AppleSystemInfo
0x00007ff826e85000 	/usr/lib/libbsm.0.dylib
0x00007ff820b04000 	/usr/lib/libnetwork.dylib
0x00007ff8277e3000 	/usr/lib/system/libkxld.dylib
0x00007ff826ab8000 	/System/Library/PrivateFrameworks/IOMobileFramebuffer.framework/Versions/A/IOMobileFramebuffer
0x00007ffb35205000 	/usr/lib/libCoreEntitlements.dylib
0x00007ff8274f7000 	/System/Library/PrivateFrameworks/AppleFSCompression.framework/Versions/A/AppleFSCompression
0x00007ff826e6d000 	/usr/lib/libcoretls.dylib
0x00007ff827fb6000 	/usr/lib/libcoretls_cfhelpers.dylib
0x00007ff827acd000 	/usr/lib/libpam.2.dylib
0x00007ff822e57000 	/usr/lib/libsqlite3.dylib
0x00007ff828025000 	/usr/lib/libxar.1.dylib
0x00007ff827507000 	/usr/lib/libbz2.1.0.dylib
0x00007ff82784f000 	/usr/lib/libpcap.A.dylib
0x00007ff823230000 	/usr/lib/libdns_services.dylib
0x00007ff827a9d000 	/usr/lib/libapple_nghttp2.dylib
0x00007ff827889000 	/usr/lib/libiconv.2.dylib
0x00007ff8277dc000 	/usr/lib/libcharset.1.dylib
0x00007ff82418e000 	/System/Library/Frameworks/CoreServices.framework/Versions/A/Frameworks/FSEvents.framework/Versions/A/FSEvents
0x00007ff81f095000 	/System/Library/Frameworks/CoreServices.framework/Versions/A/Frameworks/CarbonCore.framework/Versions/A/CarbonCore
0x00007ff823479000 	/System/Library/Frameworks/CoreServices.framework/Versions/A/Frameworks/Metadata.framework/Versions/A/Metadata
0x00007ff82751a000 	/System/Library/Frameworks/CoreServices.framework/Versions/A/Frameworks/OSServices.framework/Versions/A/OSServices
0x00007ff827a12000 	/System/Library/Frameworks/CoreServices.framework/Versions/A/Frameworks/SearchKit.framework/Versions/A/SearchKit
0x00007ff8231c2000 	/System/Library/Frameworks/CoreServices.framework/Versions/A/Frameworks/AE.framework/Versions/A/AE
0x00007ff81cf99000 	/System/Library/Frameworks/CoreServices.framework/Versions/A/Frameworks/LaunchServices.framework/Versions/A/LaunchServices
0x00007ff827f4d000 	/System/Library/Frameworks/CoreServices.framework/Versions/A/Frameworks/DictionaryServices.framework/Versions/A/DictionaryServices
0x00007ff82419b000 	/System/Library/Frameworks/CoreServices.framework/Versions/A/Frameworks/SharedFileList.framework/Versions/A/SharedFileList
0x00007ff826e61000 	/usr/lib/libCheckFix.dylib
0x00007ff821a01000 	/System/Library/PrivateFrameworks/TCC.framework/Versions/A/TCC
0x00007ff826124000 	/System/Library/PrivateFrameworks/CoreNLP.framework/Versions/A/CoreNLP
0x00007ff823429000 	/System/Library/PrivateFrameworks/MetadataUtilities.framework/Versions/A/MetadataUtilities
0x00007ff81d6d5000 	/usr/lib/libmecabra.dylib
0x00007ff826e95000 	/usr/lib/libmecab.dylib
0x00007ff81d6a0000 	/usr/lib/libCRFSuite.dylib
0x00007ff826eef000 	/usr/lib/libgermantok.dylib
0x00007ff827a78000 	/usr/lib/libThaiTokenizer.dylib
0x00007ff82351c000 	/System/Library/Frameworks/Accelerate.framework/Versions/A/Frameworks/vImage.framework/Versions/A/vImage
0x00007ff82dbb8000 	/System/Library/Frameworks/Accelerate.framework/Versions/A/Frameworks/vecLib.framework/Versions/A/vecLib
0x00007ff828066000 	/System/Library/Frameworks/Accelerate.framework/Versions/A/Frameworks/vecLib.framework/Versions/A/libvMisc.dylib
0x00007ff8268e3000 	/System/Library/Frameworks/Accelerate.framework/Versions/A/Frameworks/vecLib.framework/Versions/A/libvDSP.dylib
0x00007ff81d314000 	/System/Library/Frameworks/Accelerate.framework/Versions/A/Frameworks/vecLib.framework/Versions/A/libBLAS.dylib
0x00007ff827baf000 	/System/Library/Frameworks/Accelerate.framework/Versions/A/Frameworks/vecLib.framework/Versions/A/libLAPACK.dylib
0x00007ff826ef2000 	/System/Library/Frameworks/Accelerate.framework/Versions/A/Frameworks/vecLib.framework/Versions/A/libLinearAlgebra.dylib
0x00007ff827ab5000 	/System/Library/Frameworks/Accelerate.framework/Versions/A/Frameworks/vecLib.framework/Versions/A/libSparseBLAS.dylib
0x00007ff827ba9000 	/System/Library/Frameworks/Accelerate.framework/Versions/A/Frameworks/vecLib.framework/Versions/A/libQuadrature.dylib
0x00007ff82620f000 	/System/Library/Frameworks/Accelerate.framework/Versions/A/Frameworks/vecLib.framework/Versions/A/libBNNS.dylib
0x00007ff81d5ae000 	/System/Library/Frameworks/Accelerate.framework/Versions/A/Frameworks/vecLib.framework/Versions/A/libSparse.dylib
0x00007ff826208000 	/System/Library/PrivateFrameworks/LinguisticData.framework/Versions/A/LinguisticData
0x00007ff81d564000 	/System/Library/PrivateFrameworks/Lexicon.framework/Versions/A/Lexicon
0x00007ff82805f000 	/usr/lib/libChineseTokenizer.dylib
0x00007ff81dccf000 	/System/Library/PrivateFrameworks/LanguageModeling.framework/Versions/A/LanguageModeling
0x00007ff827a7a000 	/System/Library/PrivateFrameworks/AppleSauce.framework/Versions/A/AppleSauce
0x00007ff826aa6000 	/System/Library/PrivateFrameworks/CoreEmoji.framework/Versions/A/CoreEmoji
0x00007ff82797a000 	/usr/lib/libcmph.dylib
0x00007ff824172000 	/System/Library/Frameworks/OpenDirectory.framework/Versions/A/Frameworks/CFOpenDirectory.framework/Versions/A/CFOpenDirectory
0x00007ff824166000 	/System/Library/Frameworks/OpenDirectory.framework/Versions/A/OpenDirectory
0x00007ff827fb8000 	/System/Library/PrivateFrameworks/APFS.framework/Versions/A/APFS
0x00007ff826dbc000 	/System/Library/Frameworks/SecurityFoundation.framework/Versions/A/SecurityFoundation
0x00007ff828033000 	/usr/lib/libutil.dylib
0x00007ff81f3bf000 	/System/Library/PrivateFrameworks/CoreServicesStore.framework/Versions/A/CoreServicesStore
0x00007ff828037000 	/usr/lib/libxslt.1.dylib
0x00007ff826e49000 	/System/Library/PrivateFrameworks/BackgroundTaskManagement.framework/Versions/A/BackgroundTaskManagement
0x00007ff8294a2000 	/System/Library/Frameworks/ImageIO.framework/Versions/A/Resources/libRadiance.dylib
0x00007ff8294ab000 	/System/Library/Frameworks/ImageIO.framework/Versions/A/Resources/libJPEG.dylib
0x00007ff8293fc000 	/System/Library/Frameworks/ImageIO.framework/Versions/A/Resources/libPng.dylib
0x00007ff82941d000 	/System/Library/Frameworks/ImageIO.framework/Versions/A/Resources/libTIFF.dylib
0x00007ff82950b000 	/System/Library/Frameworks/ImageIO.framework/Versions/A/Resources/libGIF.dylib
0x00007ff828d37000 	/System/Library/Frameworks/ImageIO.framework/Versions/A/Resources/libJP2.dylib
0x00007ff828475000 	/usr/lib/libexpat.1.dylib
0x00007ff828cec000 	/System/Library/PrivateFrameworks/AppleJPEG.framework/Versions/A/AppleJPEG
0x00007ff825658000 	/System/Library/PrivateFrameworks/FontServices.framework/libFontParser.dylib
0x00007ff82316c000 	/System/Library/PrivateFrameworks/RunningBoardServices.framework/Versions/A/RunningBoardServices
0x00007ff833e72000 	/System/Library/PrivateFrameworks/IOSurfaceAccelerator.framework/Versions/A/IOSurfaceAccelerator
0x00007ff828e19000 	/System/Library/PrivateFrameworks/WatchdogClient.framework/Versions/A/WatchdogClient
0x00007ff81ddbd000 	/System/Library/Frameworks/CoreDisplay.framework/Versions/A/CoreDisplay
0x00007ff825556000 	/System/Library/Frameworks/CoreMedia.framework/Versions/A/CoreMedia
0x00007ff8253ea000 	/System/Library/PrivateFrameworks/IOAccelerator.framework/Versions/A/IOAccelerator
0x00007ff8242ef000 	/System/Library/Frameworks/CoreVideo.framework/Versions/A/CoreVideo
0x00007ff827acb000 	/System/Library/Frameworks/MetalPerformanceShaders.framework/Versions/A/MetalPerformanceShaders
0x00007ff828e56000 	/System/Library/Frameworks/VideoToolbox.framework/Versions/A/VideoToolbox
0x00007ff8230b6000 	/System/Library/PrivateFrameworks/BaseBoard.framework/Versions/A/BaseBoard
0x00007ff822e3d000 	/System/Library/PrivateFrameworks/ProtocolBuffer.framework/Versions/A/ProtocolBuffer
0x00007ff82949b000 	/System/Library/PrivateFrameworks/GPUWrangler.framework/Versions/A/GPUWrangler
0x00007ff82947f000 	/System/Library/PrivateFrameworks/IOPresentment.framework/Versions/A/IOPresentment
0x00007ff8294a5000 	/System/Library/PrivateFrameworks/DSExternalDisplay.framework/Versions/A/DSExternalDisplay
0x00007ffa3582f000 	/System/Library/Frameworks/OpenGL.framework/Versions/A/Libraries/libCoreFSCache.dylib
0x00007ffb22906000 	/System/Library/PrivateFrameworks/GPUCompiler.framework/Versions/31001/Libraries/libGPUCompilerUtils.dylib
0x00007ff829510000 	/System/Library/PrivateFrameworks/CMCaptureCore.framework/Versions/A/CMCaptureCore
0x00007ff828a1d000 	/System/Library/PrivateFrameworks/AppServerSupport.framework/Versions/A/AppServerSupport
0x00007ff82acde000 	/System/Library/PrivateFrameworks/perfdata.framework/Versions/A/perfdata
0x00007ff81dee9000 	/System/Library/PrivateFrameworks/AudioToolboxCore.framework/Versions/A/AudioToolboxCore
0x00007ff825534000 	/System/Library/PrivateFrameworks/caulk.framework/Versions/A/caulk
0x00007ff82a5f0000 	/usr/lib/libAudioStatistics.dylib
0x00007ff9222e7000 	/System/Library/PrivateFrameworks/SystemPolicy.framework/Versions/A/SystemPolicy
0x00007ff82a84b000 	/usr/lib/libSMC.dylib
0x00007ff83376a000 	/System/Library/Frameworks/CoreMIDI.framework/Versions/A/CoreMIDI
0x00007ff8293cb000 	/usr/lib/libAudioToolboxUtility.dylib
0x00007ff91e513000 	/System/Library/PrivateFrameworks/OSAServicesClient.framework/Versions/A/OSAServicesClient
0x00007ff82aceb000 	/usr/lib/libperfcheck.dylib
0x00007ff922d94000 	/usr/lib/libmis.dylib
0x00007ffa3588a000 	/System/Library/Frameworks/OpenGL.framework/Versions/A/Libraries/libGLU.dylib
0x00007ffa3584e000 	/System/Library/Frameworks/OpenGL.framework/Versions/A/Libraries/libGFXShared.dylib
0x00007ffa35a57000 	/System/Library/Frameworks/OpenGL.framework/Versions/A/Libraries/libGL.dylib
0x00007ffa35857000 	/System/Library/Frameworks/OpenGL.framework/Versions/A/Libraries/libGLImage.dylib
0x00007ffa3584b000 	/System/Library/Frameworks/OpenGL.framework/Versions/A/Libraries/libCVMSPluginSupport.dylib
0x00007ffa35836000 	/System/Library/Frameworks/OpenGL.framework/Versions/A/Libraries/libCoreVMClient.dylib
0x00007ff8260a0000 	/System/Library/Frameworks/MetalPerformanceShaders.framework/Versions/A/Frameworks/MPSCore.framework/Versions/A/MPSCore
0x00007ff827462000 	/System/Library/Frameworks/MetalPerformanceShaders.framework/Versions/A/Frameworks/MPSImage.framework/Versions/A/MPSImage
0x00007ff826f08000 	/System/Library/Frameworks/MetalPerformanceShaders.framework/Versions/A/Frameworks/MPSNeuralNetwork.framework/Versions/A/MPSNeuralNetwork
0x00007ff82737c000 	/System/Library/Frameworks/MetalPerformanceShaders.framework/Versions/A/Frameworks/MPSMatrix.framework/Versions/A/MPSMatrix
0x00007ff827137000 	/System/Library/Frameworks/MetalPerformanceShaders.framework/Versions/A/Frameworks/MPSRayIntersector.framework/Versions/A/MPSRayIntersector
0x00007ff8273b4000 	/System/Library/Frameworks/MetalPerformanceShaders.framework/Versions/A/Frameworks/MPSNDArray.framework/Versions/A/MPSNDArray
0x00007ffa3b30f000 	/System/Library/Frameworks/MetalPerformanceShaders.framework/Versions/A/Frameworks/MPSFunctions.framework/Versions/A/MPSFunctions
0x00007ff81d1f0000 	/System/Library/PrivateFrameworks/MetalTools.framework/Versions/A/MetalTools
0x00007ff82611c000 	/System/Library/PrivateFrameworks/AggregateDictionary.framework/Versions/A/AggregateDictionary
0x00007ff828257000 	/usr/lib/libIOReport.dylib
0x00007ffa36e66000 	/System/Library/Frameworks/OpenCL.framework/Versions/A/OpenCL
0x00007ff8285bb000 	/System/Library/PrivateFrameworks/FaceCore.framework/Versions/A/FaceCore
0x00007ff8285ac000 	/System/Library/PrivateFrameworks/GraphVisualizer.framework/Versions/A/GraphVisualizer
0x00007ffb22811000 	/System/Library/PrivateFrameworks/FontServices.framework/Versions/A/FontServices
0x00007ff8289d5000 	/System/Library/PrivateFrameworks/OTSVG.framework/Versions/A/OTSVG
0x00007ff823ed6000 	/System/Library/Frameworks/ApplicationServices.framework/Versions/A/Frameworks/ATS.framework/Versions/A/Resources/libFontRegistry.dylib
0x00007ff828a25000 	/System/Library/PrivateFrameworks/FontServices.framework/libhvf.dylib
0x00007ffb22812000 	/System/Library/PrivateFrameworks/FontServices.framework/libXTFontStaticRegistryData.dylib
0x00007ff828425000 	/System/Library/PrivateFrameworks/AppleVA.framework/Versions/A/AppleVA
0x00007ff82a610000 	/System/Library/Frameworks/ApplicationServices.framework/Versions/A/Frameworks/ATS.framework/Versions/A/ATS
0x00007ff822583000 	/System/Library/Frameworks/ApplicationServices.framework/Versions/A/Frameworks/HIServices.framework/Versions/A/HIServices
0x00007ff82951a000 	/System/Library/Frameworks/ApplicationServices.framework/Versions/A/Frameworks/PrintCore.framework/Versions/A/PrintCore
0x00007ff82a99e000 	/System/Library/Frameworks/ApplicationServices.framework/Versions/A/Frameworks/QD.framework/Versions/A/QD
0x00007ff82a996000 	/System/Library/Frameworks/ApplicationServices.framework/Versions/A/Frameworks/ColorSyncLegacy.framework/Versions/A/ColorSyncLegacy
0x00007ff82a600000 	/System/Library/Frameworks/ApplicationServices.framework/Versions/A/Frameworks/SpeechSynthesis.framework/Versions/A/SpeechSynthesis
0x00007ff8294db000 	/System/Library/Frameworks/ApplicationServices.framework/Versions/A/Frameworks/ATSUI.framework/Versions/A/ATSUI
0x00007ff82a92b000 	/usr/lib/libcups.2.dylib
0x00007ff82acfa000 	/System/Library/Frameworks/Kerberos.framework/Versions/A/Kerberos
0x00007ff82ad09000 	/System/Library/Frameworks/GSS.framework/Versions/A/GSS
0x00007ff82a67c000 	/usr/lib/libresolv.9.dylib
0x00007ff828a34000 	/System/Library/PrivateFrameworks/Heimdal.framework/Versions/A/Heimdal
0x00007ff8318ed000 	/System/Library/Frameworks/Kerberos.framework/Versions/A/Libraries/libHeimdalProxy.dylib
0x00007ff823240000 	/System/Library/Frameworks/Network.framework/Versions/A/Network
0x00007ff82848f000 	/usr/lib/libheimdal-asn1.dylib
0x00007ff82ad54000 	/System/Library/PrivateFrameworks/CommonAuth.framework/Versions/A/CommonAuth
0x00007ff82a582000 	/System/Library/PrivateFrameworks/AudioSession.framework/Versions/A/AudioSession
0x00007ff82851f000 	/System/Library/PrivateFrameworks/MediaExperience.framework/Versions/A/MediaExperience
0x00007ff82a414000 	/System/Library/PrivateFrameworks/AudioSession.framework/libSessionUtility.dylib
0x00007ff82a9aa000 	/System/Library/PrivateFrameworks/AudioResourceArbitration.framework/Versions/A/AudioResourceArbitration
0x00007ff82ea2b000 	/System/Library/PrivateFrameworks/PowerLog.framework/Versions/A/PowerLog
0x00007ff828498000 	/System/Library/PrivateFrameworks/IconFoundation.framework/Versions/A/IconFoundation
0x00007ff82d7e1000 	/System/Library/PrivateFrameworks/SpeechRecognitionCore.framework/Versions/A/SpeechRecognitionCore
0x0000000106929000 	/Users/juliaevelinstensnes-martini/.sdkman/candidates/java/17.0.1-tem/lib/server/libjvm.dylib
0x0000000103459000 	/Users/juliaevelinstensnes-martini/.sdkman/candidates/java/17.0.1-tem/lib/libjimage.dylib
0x00000001034d0000 	/Users/juliaevelinstensnes-martini/.sdkman/candidates/java/17.0.1-tem/lib/libjava.dylib
0x000000010372b000 	/Users/juliaevelinstensnes-martini/.sdkman/candidates/java/17.0.1-tem/lib/libnio.dylib
0x000000010375a000 	/Users/juliaevelinstensnes-martini/.sdkman/candidates/java/17.0.1-tem/lib/libnet.dylib
0x0000000103740000 	/Users/juliaevelinstensnes-martini/.sdkman/candidates/java/17.0.1-tem/lib/libzip.dylib
0x0000000103774000 	/Users/juliaevelinstensnes-martini/.openjfx/cache/16/libprism_es2.dylib
0x00007ff81f381000 	/System/Library/PrivateFrameworks/CoreServicesInternal.framework/Versions/A/CoreServicesInternal
0x00007ffa35a62000 	/System/Library/Frameworks/OpenGL.framework/Versions/A/Resources/GLEngine.bundle/GLEngine
0x00007ffa358c8000 	/System/Library/Frameworks/OpenGL.framework/Versions/A/Libraries/libGLProgrammability.dylib
0x00007ffa2a8de000 	/System/Library/Extensions/AppleIntelKBLGraphicsGLDriver.bundle/Contents/MacOS/AppleIntelKBLGraphicsGLDriver
0x00007ff92cf2f000 	/System/Library/PrivateFrameworks/GPUSupport.framework/Versions/A/Libraries/libGPUSupportMercury.dylib
0x00007ffa35bec000 	/System/Library/Frameworks/OpenGL.framework/Versions/A/Resources/GLRendererFloat.bundle/GLRendererFloat
0x000000010687b000 	/Users/juliaevelinstensnes-martini/.openjfx/cache/16/libglass.dylib
0x00007ff82f01c000 	/System/Library/Frameworks/FileProvider.framework/Versions/A/FileProvider
0x00007ff823023000 	/System/Library/Frameworks/Accounts.framework/Versions/A/Accounts
0x00007ff82f195000 	/System/Library/PrivateFrameworks/GenerationalStorage.framework/Versions/A/GenerationalStorage
0x00007ff82fca5000 	/System/Library/PrivateFrameworks/CoreSymbolication.framework/Versions/A/CoreSymbolication
0x00007ff82ea20000 	/System/Library/PrivateFrameworks/SymptomDiagnosticReporter.framework/Versions/A/SymptomDiagnosticReporter
0x00007ff820642000 	/System/Library/PrivateFrameworks/DesktopServicesPriv.framework/Versions/A/DesktopServicesPriv
0x00007ff81f4c0000 	/usr/lib/libsandbox.1.dylib
0x00007ff82436e000 	/System/Library/PrivateFrameworks/UserManagement.framework/Versions/A/UserManagement
0x00007ff82fc6a000 	/System/Library/PrivateFrameworks/DebugSymbols.framework/Versions/A/DebugSymbols
0x00007ff82a98b000 	/System/Library/PrivateFrameworks/NetAuth.framework/Versions/A/NetAuth
0x00007ff82b89a000 	/System/Library/PrivateFrameworks/Sharing.framework/Versions/A/Sharing
0x00007ff824341000 	/System/Library/PrivateFrameworks/login.framework/Versions/A/Frameworks/loginsupport.framework/Versions/A/loginsupport
0x00007ff830e08000 	/System/Library/PrivateFrameworks/Apple80211.framework/Versions/A/Apple80211
0x00007ff827547000 	/System/Library/PrivateFrameworks/AuthKit.framework/Versions/A/AuthKit
0x00007ff826b9c000 	/System/Library/PrivateFrameworks/CoreUtils.framework/Versions/A/CoreUtils
0x00007ff826ac3000 	/System/Library/Frameworks/CoreWLAN.framework/Versions/A/CoreWLAN
0x00007ff82b9f9000 	/System/Library/Frameworks/IOBluetooth.framework/Versions/A/IOBluetooth
0x00007ff830e70000 	/System/Library/PrivateFrameworks/CoreWiFi.framework/Versions/A/CoreWiFi
0x00007ff82f83f000 	/System/Library/PrivateFrameworks/FrontBoardServices.framework/Versions/A/FrontBoardServices
0x00007ff82f8d0000 	/System/Library/PrivateFrameworks/BoardServices.framework/Versions/A/BoardServices
0x00007ff826dab000 	/System/Library/PrivateFrameworks/AssertionServices.framework/Versions/A/AssertionServices
0x00007ff830ff3000 	/System/Library/PrivateFrameworks/BackBoardServices.framework/Versions/A/BackBoardServices
0x00007ff82ade5000 	/System/Library/PrivateFrameworks/CorePhoneNumbers.framework/Versions/A/CorePhoneNumbers
0x00007ff82a6a9000 	/System/Library/PrivateFrameworks/MultiverseSupport.framework/Versions/A/MultiverseSupport
0x00007ff831266000 	/System/Library/PrivateFrameworks/RemoteServiceDiscovery.framework/Versions/A/RemoteServiceDiscovery
0x00007ff82eb3d000 	/System/Library/PrivateFrameworks/DiskManagement.framework/Versions/A/DiskManagement
0x00007ff82ea51000 	/System/Library/PrivateFrameworks/AppleIDAuthSupport.framework/Versions/A/AppleIDAuthSupport
0x00007ffb1d18c000 	/System/Library/PrivateFrameworks/AAAFoundation.framework/Versions/A/AAAFoundation
0x00007ff82adc6000 	/System/Library/PrivateFrameworks/KeychainCircle.framework/Versions/A/KeychainCircle
0x00007ff831276000 	/System/Library/PrivateFrameworks/RemoteXPC.framework/Versions/A/RemoteXPC
0x00007ff82eb09000 	/System/Library/PrivateFrameworks/MediaKit.framework/Versions/A/MediaKit
0x00007ff82ea5d000 	/System/Library/Frameworks/DiscRecording.framework/Versions/A/DiscRecording
0x00007ff82839d000 	/usr/lib/libCoreStorage.dylib
0x00007ff8312e1000 	/usr/lib/libcsfde.dylib
0x00007ff82bac6000 	/System/Library/PrivateFrameworks/ProtectedCloudStorage.framework/Versions/A/ProtectedCloudStorage
0x00007ff8312dd000 	/System/Library/PrivateFrameworks/EFILogin.framework/Versions/A/EFILogin
0x00007ff82f1bb000 	/System/Library/PrivateFrameworks/OctagonTrust.framework/Versions/A/OctagonTrust
0x00007ffb21a74000 	/System/Library/PrivateFrameworks/CoreUtilsExtras.framework/Versions/A/CoreUtilsExtras
0x00007ff82e984000 	/System/Library/Frameworks/CoreBluetooth.framework/Versions/A/CoreBluetooth
0x00007ff831972000 	/System/Library/Frameworks/AudioUnit.framework/Versions/A/AudioUnit
0x00007ff828395000 	/usr/lib/libMatch.1.dylib
0x00007ff9273b8000 	/System/Library/Frameworks/Accelerate.framework/Versions/A/Frameworks/vImage.framework/Versions/A/Libraries/libCGInterfaces.dylib
0x00000001282ef000 	/usr/lib/libobjc-trampolines.dylib
0x00007ffb352f4000 	/usr/lib/libRosetta.dylib
0x00007ff824066000 	/System/Library/PrivateFrameworks/ViewBridge.framework/Versions/A/ViewBridge


VM Arguments:
jvm_args: --module-path=/Users/juliaevelinstensnes-martini/It-prosjekt/gr2213/notpaint/fxui/target/classes:/Users/juliaevelinstensnes-martini/.m2/repository/gr2213/notpaint/core/1.0-SNAPSHOT/core-1.0-SNAPSHOT.jar:/Users/juliaevelinstensnes-martini/.m2/repository/org/openjfx/javafx-base/16/javafx-base-16-mac.jar:/Users/juliaevelinstensnes-martini/.m2/repository/org/openjfx/javafx-controls/16/javafx-controls-16-mac.jar:/Users/juliaevelinstensnes-martini/.m2/repository/org/openjfx/javafx-fxml/16/javafx-fxml-16-mac.jar:/Users/juliaevelinstensnes-martini/.m2/repository/org/openjfx/javafx-graphics/16/javafx-graphics-16-mac.jar --add-modules=notpaint.ui -Djdk.module.main=notpaint.ui 
java_command: notpaint.ui/notpaint.ui.App
java_class_path (initial): /Users/juliaevelinstensnes-martini/.m2/repository/org/openjfx/javafx-base/16/javafx-base-16.jar:/Users/juliaevelinstensnes-martini/.m2/repository/org/openjfx/javafx-controls/16/javafx-controls-16.jar:/Users/juliaevelinstensnes-martini/.m2/repository/org/openjfx/javafx-fxml/16/javafx-fxml-16.jar:/Users/juliaevelinstensnes-martini/.m2/repository/org/openjfx/javafx-graphics/16/javafx-graphics-16.jar
Launcher Type: SUN_STANDARD

[Global flags]
     intx CICompilerCount                          = 3                                         {product} {ergonomic}
     uint ConcGCThreads                            = 1                                         {product} {ergonomic}
     uint G1ConcRefinementThreads                  = 4                                         {product} {ergonomic}
   size_t G1HeapRegionSize                         = 1048576                                   {product} {ergonomic}
    uintx GCDrainStackTargetSize                   = 64                                        {product} {ergonomic}
   size_t InitialHeapSize                          = 134217728                                 {product} {ergonomic}
   size_t MarkStackSize                            = 4194304                                   {product} {ergonomic}
   size_t MaxHeapSize                              = 2147483648                                {product} {ergonomic}
   size_t MaxNewSize                               = 1287651328                                {product} {ergonomic}
   size_t MinHeapDeltaBytes                        = 1048576                                   {product} {ergonomic}
   size_t MinHeapSize                              = 8388608                                   {product} {ergonomic}
    uintx NonNMethodCodeHeapSize                   = 5832780                                {pd product} {ergonomic}
    uintx NonProfiledCodeHeapSize                  = 122912730                              {pd product} {ergonomic}
    uintx ProfiledCodeHeapSize                     = 122912730                              {pd product} {ergonomic}
    uintx ReservedCodeCacheSize                    = 251658240                              {pd product} {ergonomic}
     bool SegmentedCodeCache                       = true                                      {product} {ergonomic}
   size_t SoftMaxHeapSize                          = 2147483648                             {manageable} {ergonomic}
     bool UseCompressedClassPointers               = true                           {product lp64_product} {ergonomic}
     bool UseCompressedOops                        = true                           {product lp64_product} {ergonomic}
     bool UseG1GC                                  = true                                      {product} {ergonomic}
     bool UseNUMA                                  = false                                     {product} {ergonomic}
     bool UseNUMAInterleaving                      = false                                     {product} {ergonomic}

Logging:
Log output configuration:
 #0: stdout all=warning uptime,level,tags
 #1: stderr all=off uptime,level,tags

Environment Variables:
JAVA_HOME=/Users/juliaevelinstensnes-martini/.sdkman/candidates/java/current
PATH=/usr/local/bin:/usr/bin:/bin:/usr/sbin:/sbin:/Library/Apple/usr/bin:/Applications/Wireshark.app/Contents/MacOS:/Users/juliaevelinstensnes-martini/.sdkman/candidates/maven/current/bin:/Users/juliaevelinstensnes-martini/.sdkman/candidates/java/current/bin
SHELL=/bin/zsh
LANG=nb.UTF-8

Signal Handlers:
   SIGSEGV: _ZL13crash_handleriP9__siginfoPv in libjvm.dylib, mask=11100110000111110111111111111111, flags=SA_RESTART|SA_SIGINFO
    SIGBUS: _ZL13crash_handleriP9__siginfoPv in libjvm.dylib, mask=11100110000111110111111111111111, flags=SA_RESTART|SA_SIGINFO
    SIGFPE: _ZL13crash_handleriP9__siginfoPv in libjvm.dylib, mask=11100110000111110111111111111111, flags=SA_RESTART|SA_SIGINFO
   SIGPIPE: _ZL17javaSignalHandleriP9__siginfoPv in libjvm.dylib, mask=11100110000111110111111111111111, flags=SA_RESTART|SA_SIGINFO
   SIGXFSZ: _ZL17javaSignalHandleriP9__siginfoPv in libjvm.dylib, mask=11100110000111110111111111111111, flags=SA_RESTART|SA_SIGINFO
    SIGILL: _ZL13crash_handleriP9__siginfoPv in libjvm.dylib, mask=11100110000111110111111111111111, flags=SA_RESTART|SA_SIGINFO
   SIGUSR2: _ZL10SR_handleriP9__siginfoP17__darwin_ucontext in libjvm.dylib, mask=00100000000000000000000000000000, flags=SA_RESTART|SA_SIGINFO
    SIGHUP: _ZL11UserHandleriPvS_ in libjvm.dylib, mask=11100110000111110111111111111111, flags=SA_RESTART|SA_SIGINFO
    SIGINT: _ZL11UserHandleriPvS_ in libjvm.dylib, mask=11100110000111110111111111111111, flags=SA_RESTART|SA_SIGINFO
   SIGTERM: _ZL11UserHandleriPvS_ in libjvm.dylib, mask=11100110000111110111111111111111, flags=SA_RESTART|SA_SIGINFO
   SIGQUIT: _ZL11UserHandleriPvS_ in libjvm.dylib, mask=11100110000111110111111111111111, flags=SA_RESTART|SA_SIGINFO
   SIGTRAP: _ZL13crash_handleriP9__siginfoPv in libjvm.dylib, mask=11100110000111110111111111111111, flags=SA_RESTART|SA_SIGINFO


---------------  S Y S T E M  ---------------

OS:
uname: Darwin 21.6.0 Darwin Kernel Version 21.6.0: Sat Jun 18 17:07:25 PDT 2022; root:xnu-8020.140.41~1/RELEASE_X86_64 x86_64
OS uptime: 11 days 0:19 hours
rlimit (soft/hard): STACK 8192k/65532k , CORE 0k/infinity , NPROC 1392/2088 , NOFILE 10240/infinity , AS infinity/infinity , CPU infinity/infinity , DATA infinity/infinity , FSIZE infinity/infinity , MEMLOCK infinity/infinity , RSS infinity/infinity
load average: 2.31 2.50 2.92

CPU: total 4 (initial active 4) (2 cores per cpu, 2 threads per core) family 6 model 142 stepping 9 microcode 0xf0, cx8, cmov, fxsr, ht, mmx, 3dnowpref, sse, sse2, sse3, ssse3, sse4.1, sse4.2, popcnt, lzcnt, tsc, tscinvbit, avx, avx2, aes, erms, clmul, bmi1, bmi2, rtm, adx, fma, vzeroupper, clflush, clflushopt

Memory: 4k page, physical 8388608k(97740k free), swap 6291456k(1315840k free)

vm_info: OpenJDK 64-Bit Server VM (17.0.1+12) for bsd-amd64 JRE (17.0.1+12), built on Oct 20 2021 13:44:50 by "jenkins" with clang 4.2.1 Compatible Apple LLVM 10.0.1 (clang-1001.0.46.4)

END.
